
*** Running vivado
    with args -log design_1_wrapper.vdi -applog -m64 -product Vivado -messageDb vivado.pb -mode batch -source design_1_wrapper.tcl -notrace


****** Vivado v2018.2 (64-bit)
  **** SW Build 2258646 on Thu Jun 14 20:03:12 MDT 2018
  **** IP Build 2256618 on Thu Jun 14 22:10:49 MDT 2018
    ** Copyright 1986-2018 Xilinx, Inc. All Rights Reserved.

source design_1_wrapper.tcl -notrace
INFO: [IP_Flow 19-234] Refreshing IP repositories
INFO: [IP_Flow 19-1700] Loaded user IP repository 'u:/Xilinx/Projects/2018_dgamma/vivado_proj/Zybo-Z7-20-HDMI.ipdefs/repo_0'.
INFO: [IP_Flow 19-1700] Loaded user IP repository 'u:/Xilinx/digilent/vivado-library'.
INFO: [IP_Flow 19-2313] Loaded Vivado IP repository 'U:/Xilinx/2018_2/Vivado/2018.2/data/ip'.
CRITICAL WARNING: [IP_Flow 19-1663] Duplicate IP found for 'digilentinc.com:ip:dvi2rgb:2.0'. The one found in IP location 'u:/Xilinx/digilent/vivado-library/ip/dvi2rgb' will take precedence over the same IP in location u:/Xilinx/Projects/2018_dgamma/vivado_proj/Zybo-Z7-20-HDMI.ipdefs/repo_0/vivado-library/ip/dvi2rgb
CRITICAL WARNING: [IP_Flow 19-1663] Duplicate IP found for 'digilentinc.com:ip:rgb2dvi:1.4'. The one found in IP location 'u:/Xilinx/digilent/vivado-library/ip/rgb2dvi' will take precedence over the same IP in location u:/Xilinx/Projects/2018_dgamma/vivado_proj/Zybo-Z7-20-HDMI.ipdefs/repo_0/vivado-library/ip/rgb2dvi
WARNING: [IP_Flow 19-4830] Duplicate Interface found for 'digilentinc.com:interface:tmds:1.0'. The one found in location 'u:/Xilinx/Projects/2018_dgamma/vivado_proj/Zybo-Z7-20-HDMI.ipdefs/repo_0/vivado-library/if/tmds_v1_0/tmds.xml' will take precedence over the same Interface in location 'u:/Xilinx/digilent/vivado-library/if/tmds_v1_0/tmds.xml'
add_files: Time (s): cpu = 00:00:08 ; elapsed = 00:00:08 . Memory (MB): peak = 367.512 ; gain = 100.875
Command: link_design -top design_1_wrapper -part xc7z020clg400-1
Design is defaulting to srcset: sources_1
Design is defaulting to constrset: constrs_1
INFO: [Project 1-454] Reading design checkpoint 'u:/Xilinx/Projects/2018_dgamma/vivado_proj/Zybo-Z7-20-HDMI.srcs/sources_1/bd/design_1/ip/design_1_axi_clock_converter_0_0/design_1_axi_clock_converter_0_0.dcp' for cell 'design_1_i/axi_clock_converter_0'
INFO: [Project 1-454] Reading design checkpoint 'u:/Xilinx/Projects/2018_dgamma/vivado_proj/Zybo-Z7-20-HDMI.srcs/sources_1/bd/design_1/ip/design_1_axi_dynclk_0_0/design_1_axi_dynclk_0_0.dcp' for cell 'design_1_i/axi_dynclk_0'
INFO: [Project 1-454] Reading design checkpoint 'u:/Xilinx/Projects/2018_dgamma/vivado_proj/Zybo-Z7-20-HDMI.srcs/sources_1/bd/design_1/ip/design_1_axi_gpio_video_0/design_1_axi_gpio_video_0.dcp' for cell 'design_1_i/axi_gpio_video'
INFO: [Project 1-454] Reading design checkpoint 'u:/Xilinx/Projects/2018_dgamma/vivado_proj/Zybo-Z7-20-HDMI.srcs/sources_1/bd/design_1/ip/design_1_axi_vdma_0_0/design_1_axi_vdma_0_0.dcp' for cell 'design_1_i/axi_vdma_0'
INFO: [Project 1-454] Reading design checkpoint 'u:/Xilinx/Projects/2018_dgamma/vivado_proj/Zybo-Z7-20-HDMI.srcs/sources_1/bd/design_1/ip/design_1_axis_subset_converter_in_0/design_1_axis_subset_converter_in_0.dcp' for cell 'design_1_i/axis_subset_converter_in'
INFO: [Project 1-454] Reading design checkpoint 'u:/Xilinx/Projects/2018_dgamma/vivado_proj/Zybo-Z7-20-HDMI.srcs/sources_1/bd/design_1/ip/design_1_axis_subset_converter_out_0/design_1_axis_subset_converter_out_0.dcp' for cell 'design_1_i/axis_subset_converter_out'
INFO: [Project 1-454] Reading design checkpoint 'u:/Xilinx/Projects/2018_dgamma/vivado_proj/Zybo-Z7-20-HDMI.srcs/sources_1/bd/design_1/ip/design_1_dvi2rgb_1_0/design_1_dvi2rgb_1_0.dcp' for cell 'design_1_i/dvi2rgb_1'
INFO: [Project 1-454] Reading design checkpoint 'u:/Xilinx/Projects/2018_dgamma/vivado_proj/Zybo-Z7-20-HDMI.srcs/sources_1/bd/design_1/ip/design_1_hls_gamma_correction_0_0/design_1_hls_gamma_correction_0_0.dcp' for cell 'design_1_i/hls_gamma_correction_0'
INFO: [Project 1-454] Reading design checkpoint 'u:/Xilinx/Projects/2018_dgamma/vivado_proj/Zybo-Z7-20-HDMI.srcs/sources_1/bd/design_1/ip/design_1_proc_sys_reset_0_0/design_1_proc_sys_reset_0_0.dcp' for cell 'design_1_i/proc_sys_reset_0'
INFO: [Project 1-454] Reading design checkpoint 'u:/Xilinx/Projects/2018_dgamma/vivado_proj/Zybo-Z7-20-HDMI.srcs/sources_1/bd/design_1/ip/design_1_processing_system7_0_0/design_1_processing_system7_0_0.dcp' for cell 'design_1_i/processing_system7_0'
INFO: [Project 1-454] Reading design checkpoint 'u:/Xilinx/Projects/2018_dgamma/vivado_proj/Zybo-Z7-20-HDMI.srcs/sources_1/bd/design_1/ip/design_1_rgb2dvi_0_0/design_1_rgb2dvi_0_0.dcp' for cell 'design_1_i/rgb2dvi_0'
INFO: [Project 1-454] Reading design checkpoint 'u:/Xilinx/Projects/2018_dgamma/vivado_proj/Zybo-Z7-20-HDMI.srcs/sources_1/bd/design_1/ip/design_1_rst_ps7_0_100M_0/design_1_rst_ps7_0_100M_0.dcp' for cell 'design_1_i/rst_ps7_0_100M'
INFO: [Project 1-454] Reading design checkpoint 'u:/Xilinx/Projects/2018_dgamma/vivado_proj/Zybo-Z7-20-HDMI.srcs/sources_1/bd/design_1/ip/design_1_rst_ps7_0_133M_0/design_1_rst_ps7_0_133M_0.dcp' for cell 'design_1_i/rst_ps7_0_133M'
INFO: [Project 1-454] Reading design checkpoint 'u:/Xilinx/Projects/2018_dgamma/vivado_proj/Zybo-Z7-20-HDMI.srcs/sources_1/bd/design_1/ip/design_1_v_axi4s_vid_out_0_0/design_1_v_axi4s_vid_out_0_0.dcp' for cell 'design_1_i/v_axi4s_vid_out_0'
INFO: [Project 1-454] Reading design checkpoint 'u:/Xilinx/Projects/2018_dgamma/vivado_proj/Zybo-Z7-20-HDMI.srcs/sources_1/bd/design_1/ip/design_1_v_tc_in_0/design_1_v_tc_in_0.dcp' for cell 'design_1_i/v_tc_in'
INFO: [Project 1-454] Reading design checkpoint 'u:/Xilinx/Projects/2018_dgamma/vivado_proj/Zybo-Z7-20-HDMI.srcs/sources_1/bd/design_1/ip/design_1_v_tc_out_0/design_1_v_tc_out_0.dcp' for cell 'design_1_i/v_tc_out'
INFO: [Project 1-454] Reading design checkpoint 'u:/Xilinx/Projects/2018_dgamma/vivado_proj/Zybo-Z7-20-HDMI.srcs/sources_1/bd/design_1/ip/design_1_v_vid_in_axi4s_0_0/design_1_v_vid_in_axi4s_0_0.dcp' for cell 'design_1_i/v_vid_in_axi4s_0'
INFO: [Project 1-454] Reading design checkpoint 'u:/Xilinx/Projects/2018_dgamma/vivado_proj/Zybo-Z7-20-HDMI.srcs/sources_1/bd/design_1/ip/design_1_xlconcat_0_0/design_1_xlconcat_0_0.dcp' for cell 'design_1_i/xlconcat_0'
INFO: [Project 1-454] Reading design checkpoint 'u:/Xilinx/Projects/2018_dgamma/vivado_proj/Zybo-Z7-20-HDMI.srcs/sources_1/bd/design_1/ip/design_1_xlconstant_0_0/design_1_xlconstant_0_0.dcp' for cell 'design_1_i/xlconstant_0'
INFO: [Project 1-454] Reading design checkpoint 'u:/Xilinx/Projects/2018_dgamma/vivado_proj/Zybo-Z7-20-HDMI.srcs/sources_1/bd/design_1/ip/design_1_xbar_0/design_1_xbar_0.dcp' for cell 'design_1_i/axi_mem_intercon_HP0/xbar'
INFO: [Project 1-454] Reading design checkpoint 'u:/Xilinx/Projects/2018_dgamma/vivado_proj/Zybo-Z7-20-HDMI.srcs/sources_1/bd/design_1/ip/design_1_auto_pc_0/design_1_auto_pc_0.dcp' for cell 'design_1_i/axi_mem_intercon_HP0/m00_couplers/auto_pc'
INFO: [Project 1-454] Reading design checkpoint 'u:/Xilinx/Projects/2018_dgamma/vivado_proj/Zybo-Z7-20-HDMI.srcs/sources_1/bd/design_1/ip/design_1_xbar_1/design_1_xbar_1.dcp' for cell 'design_1_i/ps7_0_axi_periph_GP0/xbar'
INFO: [Project 1-454] Reading design checkpoint 'u:/Xilinx/Projects/2018_dgamma/vivado_proj/Zybo-Z7-20-HDMI.srcs/sources_1/bd/design_1/ip/design_1_auto_pc_1/design_1_auto_pc_1.dcp' for cell 'design_1_i/ps7_0_axi_periph_GP0/s00_couplers/auto_pc'
INFO: [Netlist 29-17] Analyzing 754 Unisim elements for replacement
INFO: [Netlist 29-28] Unisim Transformation completed in 0 CPU seconds
INFO: [Project 1-479] Netlist was created with Vivado 2018.2
INFO: [Device 21-403] Loading part xc7z020clg400-1
INFO: [Project 1-570] Preparing netlist for logic optimization
Parsing XDC File [u:/Xilinx/Projects/2018_dgamma/vivado_proj/Zybo-Z7-20-HDMI.srcs/sources_1/bd/design_1/ip/design_1_axi_dynclk_0_0/src/axi_dynclk.xdc] for cell 'design_1_i/axi_dynclk_0/U0'
Finished Parsing XDC File [u:/Xilinx/Projects/2018_dgamma/vivado_proj/Zybo-Z7-20-HDMI.srcs/sources_1/bd/design_1/ip/design_1_axi_dynclk_0_0/src/axi_dynclk.xdc] for cell 'design_1_i/axi_dynclk_0/U0'
Parsing XDC File [u:/Xilinx/Projects/2018_dgamma/vivado_proj/Zybo-Z7-20-HDMI.srcs/sources_1/bd/design_1/ip/design_1_axi_gpio_video_0/design_1_axi_gpio_video_0_board.xdc] for cell 'design_1_i/axi_gpio_video/U0'
Finished Parsing XDC File [u:/Xilinx/Projects/2018_dgamma/vivado_proj/Zybo-Z7-20-HDMI.srcs/sources_1/bd/design_1/ip/design_1_axi_gpio_video_0/design_1_axi_gpio_video_0_board.xdc] for cell 'design_1_i/axi_gpio_video/U0'
Parsing XDC File [u:/Xilinx/Projects/2018_dgamma/vivado_proj/Zybo-Z7-20-HDMI.srcs/sources_1/bd/design_1/ip/design_1_axi_gpio_video_0/design_1_axi_gpio_video_0.xdc] for cell 'design_1_i/axi_gpio_video/U0'
Finished Parsing XDC File [u:/Xilinx/Projects/2018_dgamma/vivado_proj/Zybo-Z7-20-HDMI.srcs/sources_1/bd/design_1/ip/design_1_axi_gpio_video_0/design_1_axi_gpio_video_0.xdc] for cell 'design_1_i/axi_gpio_video/U0'
Parsing XDC File [u:/Xilinx/Projects/2018_dgamma/vivado_proj/Zybo-Z7-20-HDMI.srcs/sources_1/bd/design_1/ip/design_1_axi_vdma_0_0/design_1_axi_vdma_0_0.xdc] for cell 'design_1_i/axi_vdma_0/U0'
Finished Parsing XDC File [u:/Xilinx/Projects/2018_dgamma/vivado_proj/Zybo-Z7-20-HDMI.srcs/sources_1/bd/design_1/ip/design_1_axi_vdma_0_0/design_1_axi_vdma_0_0.xdc] for cell 'design_1_i/axi_vdma_0/U0'
CRITICAL WARNING: [Designutils 20-1280] Could not find module 'ila_pixclk'. The XDC file u:/Xilinx/Projects/2018_dgamma/vivado_proj/Zybo-Z7-20-HDMI.srcs/sources_1/bd/design_1/ip/design_1_dvi2rgb_1_0/src/ila_pixclk/ila_v6_2/constraints/ila.xdc will not be read for any cell of this module.
CRITICAL WARNING: [Designutils 20-1280] Could not find module 'ila_refclk'. The XDC file u:/Xilinx/Projects/2018_dgamma/vivado_proj/Zybo-Z7-20-HDMI.srcs/sources_1/bd/design_1/ip/design_1_dvi2rgb_1_0/src/ila_refclk/ila_v6_2/constraints/ila.xdc will not be read for any cell of this module.
Parsing XDC File [u:/Xilinx/Projects/2018_dgamma/vivado_proj/Zybo-Z7-20-HDMI.srcs/sources_1/bd/design_1/ip/design_1_dvi2rgb_1_0/src/dvi2rgb.xdc] for cell 'design_1_i/dvi2rgb_1/U0'
Finished Parsing XDC File [u:/Xilinx/Projects/2018_dgamma/vivado_proj/Zybo-Z7-20-HDMI.srcs/sources_1/bd/design_1/ip/design_1_dvi2rgb_1_0/src/dvi2rgb.xdc] for cell 'design_1_i/dvi2rgb_1/U0'
Parsing XDC File [u:/Xilinx/Projects/2018_dgamma/vivado_proj/Zybo-Z7-20-HDMI.srcs/sources_1/bd/design_1/ip/design_1_proc_sys_reset_0_0/design_1_proc_sys_reset_0_0_board.xdc] for cell 'design_1_i/proc_sys_reset_0/U0'
Finished Parsing XDC File [u:/Xilinx/Projects/2018_dgamma/vivado_proj/Zybo-Z7-20-HDMI.srcs/sources_1/bd/design_1/ip/design_1_proc_sys_reset_0_0/design_1_proc_sys_reset_0_0_board.xdc] for cell 'design_1_i/proc_sys_reset_0/U0'
Parsing XDC File [u:/Xilinx/Projects/2018_dgamma/vivado_proj/Zybo-Z7-20-HDMI.srcs/sources_1/bd/design_1/ip/design_1_proc_sys_reset_0_0/design_1_proc_sys_reset_0_0.xdc] for cell 'design_1_i/proc_sys_reset_0/U0'
Finished Parsing XDC File [u:/Xilinx/Projects/2018_dgamma/vivado_proj/Zybo-Z7-20-HDMI.srcs/sources_1/bd/design_1/ip/design_1_proc_sys_reset_0_0/design_1_proc_sys_reset_0_0.xdc] for cell 'design_1_i/proc_sys_reset_0/U0'
Parsing XDC File [u:/Xilinx/Projects/2018_dgamma/vivado_proj/Zybo-Z7-20-HDMI.srcs/sources_1/bd/design_1/ip/design_1_processing_system7_0_0/design_1_processing_system7_0_0.xdc] for cell 'design_1_i/processing_system7_0/inst'
WARNING: [Vivado 12-2489] -input_jitter contains time 0.224970 which will be rounded to 0.225 to ensure it is an integer multiple of 1 picosecond [u:/Xilinx/Projects/2018_dgamma/vivado_proj/Zybo-Z7-20-HDMI.srcs/sources_1/bd/design_1/ip/design_1_processing_system7_0_0/design_1_processing_system7_0_0.xdc:24]
Finished Parsing XDC File [u:/Xilinx/Projects/2018_dgamma/vivado_proj/Zybo-Z7-20-HDMI.srcs/sources_1/bd/design_1/ip/design_1_processing_system7_0_0/design_1_processing_system7_0_0.xdc] for cell 'design_1_i/processing_system7_0/inst'
Parsing XDC File [u:/Xilinx/Projects/2018_dgamma/vivado_proj/Zybo-Z7-20-HDMI.srcs/sources_1/bd/design_1/ip/design_1_rgb2dvi_0_0/src/rgb2dvi.xdc] for cell 'design_1_i/rgb2dvi_0/U0'
Finished Parsing XDC File [u:/Xilinx/Projects/2018_dgamma/vivado_proj/Zybo-Z7-20-HDMI.srcs/sources_1/bd/design_1/ip/design_1_rgb2dvi_0_0/src/rgb2dvi.xdc] for cell 'design_1_i/rgb2dvi_0/U0'
Parsing XDC File [u:/Xilinx/Projects/2018_dgamma/vivado_proj/Zybo-Z7-20-HDMI.srcs/sources_1/bd/design_1/ip/design_1_rst_ps7_0_100M_0/design_1_rst_ps7_0_100M_0_board.xdc] for cell 'design_1_i/rst_ps7_0_100M/U0'
Finished Parsing XDC File [u:/Xilinx/Projects/2018_dgamma/vivado_proj/Zybo-Z7-20-HDMI.srcs/sources_1/bd/design_1/ip/design_1_rst_ps7_0_100M_0/design_1_rst_ps7_0_100M_0_board.xdc] for cell 'design_1_i/rst_ps7_0_100M/U0'
Parsing XDC File [u:/Xilinx/Projects/2018_dgamma/vivado_proj/Zybo-Z7-20-HDMI.srcs/sources_1/bd/design_1/ip/design_1_rst_ps7_0_100M_0/design_1_rst_ps7_0_100M_0.xdc] for cell 'design_1_i/rst_ps7_0_100M/U0'
Finished Parsing XDC File [u:/Xilinx/Projects/2018_dgamma/vivado_proj/Zybo-Z7-20-HDMI.srcs/sources_1/bd/design_1/ip/design_1_rst_ps7_0_100M_0/design_1_rst_ps7_0_100M_0.xdc] for cell 'design_1_i/rst_ps7_0_100M/U0'
Parsing XDC File [u:/Xilinx/Projects/2018_dgamma/vivado_proj/Zybo-Z7-20-HDMI.srcs/sources_1/bd/design_1/ip/design_1_rst_ps7_0_133M_0/design_1_rst_ps7_0_133M_0_board.xdc] for cell 'design_1_i/rst_ps7_0_133M/U0'
Finished Parsing XDC File [u:/Xilinx/Projects/2018_dgamma/vivado_proj/Zybo-Z7-20-HDMI.srcs/sources_1/bd/design_1/ip/design_1_rst_ps7_0_133M_0/design_1_rst_ps7_0_133M_0_board.xdc] for cell 'design_1_i/rst_ps7_0_133M/U0'
Parsing XDC File [u:/Xilinx/Projects/2018_dgamma/vivado_proj/Zybo-Z7-20-HDMI.srcs/sources_1/bd/design_1/ip/design_1_rst_ps7_0_133M_0/design_1_rst_ps7_0_133M_0.xdc] for cell 'design_1_i/rst_ps7_0_133M/U0'
Finished Parsing XDC File [u:/Xilinx/Projects/2018_dgamma/vivado_proj/Zybo-Z7-20-HDMI.srcs/sources_1/bd/design_1/ip/design_1_rst_ps7_0_133M_0/design_1_rst_ps7_0_133M_0.xdc] for cell 'design_1_i/rst_ps7_0_133M/U0'
Parsing XDC File [U:/Xilinx/Projects/2018_dgamma/vivado_proj/Zybo-Z7-20-HDMI.srcs/constrs_1/imports/constraints/Zybo-Z7-Master.xdc]
Finished Parsing XDC File [U:/Xilinx/Projects/2018_dgamma/vivado_proj/Zybo-Z7-20-HDMI.srcs/constrs_1/imports/constraints/Zybo-Z7-Master.xdc]
Parsing XDC File [U:/Xilinx/Projects/2018_dgamma/vivado_proj/Zybo-Z7-20-HDMI.srcs/constrs_1/imports/constraints/default.xdc]
Finished Parsing XDC File [U:/Xilinx/Projects/2018_dgamma/vivado_proj/Zybo-Z7-20-HDMI.srcs/constrs_1/imports/constraints/default.xdc]
Parsing XDC File [u:/Xilinx/Projects/2018_dgamma/vivado_proj/Zybo-Z7-20-HDMI.srcs/sources_1/bd/design_1/ip/design_1_axi_vdma_0_0/design_1_axi_vdma_0_0_clocks.xdc] for cell 'design_1_i/axi_vdma_0/U0'
Finished Parsing XDC File [u:/Xilinx/Projects/2018_dgamma/vivado_proj/Zybo-Z7-20-HDMI.srcs/sources_1/bd/design_1/ip/design_1_axi_vdma_0_0/design_1_axi_vdma_0_0_clocks.xdc] for cell 'design_1_i/axi_vdma_0/U0'
Parsing XDC File [u:/Xilinx/Projects/2018_dgamma/vivado_proj/Zybo-Z7-20-HDMI.srcs/sources_1/bd/design_1/ip/design_1_dvi2rgb_1_0/src/ila_timing_workaround.xdc] for cell 'design_1_i/dvi2rgb_1/U0'
WARNING: [Vivado 12-508] No pins matched 'get_pins -hierarchical -filter { NAME =~  "*ila_core_inst/u_ila_cap_ctrl/u_cap_addrgen/u_cap_window_counter/u_wcnt_lcmp/allx_typeA_match_detection.ltlib_v1_0_0_allx_typeA_inst/DUT/I_WHOLE_SLICE.G_SLICE_IDX[*].U_ALL_SRL_SLICE/u_srl*/S*/CLK*"}'. [u:/Xilinx/Projects/2018_dgamma/vivado_proj/Zybo-Z7-20-HDMI.srcs/sources_1/bd/design_1/ip/design_1_dvi2rgb_1_0/src/ila_timing_workaround.xdc:10]
WARNING: [Vivado 12-180] No cells matched 'get_cells -hierarchical -filter { NAME =~  "*ila_core_inst/u_ila_cap_ctrl/u_cap_addrgen/u_cap_window_counter/u_wcnt_lcmp_q*" && IS_SEQUENTIAL }'. [u:/Xilinx/Projects/2018_dgamma/vivado_proj/Zybo-Z7-20-HDMI.srcs/sources_1/bd/design_1/ip/design_1_dvi2rgb_1_0/src/ila_timing_workaround.xdc:10]
CRITICAL WARNING: [Vivado 12-4739] set_false_path:No valid object(s) found for '-from [get_pins -hierarchical -filter { NAME =~  "*ila_core_inst/u_ila_cap_ctrl/u_cap_addrgen/u_cap_window_counter/u_wcnt_lcmp/allx_typeA_match_detection.ltlib_v1_0_0_allx_typeA_inst/DUT/I_WHOLE_SLICE.G_SLICE_IDX[*].U_ALL_SRL_SLICE/u_srl*/S*/CLK*"}]'. [u:/Xilinx/Projects/2018_dgamma/vivado_proj/Zybo-Z7-20-HDMI.srcs/sources_1/bd/design_1/ip/design_1_dvi2rgb_1_0/src/ila_timing_workaround.xdc:10]
Resolution: Check if the specified object(s) exists in the current design. If it does, ensure that the correct design hierarchy was specified for the object. If you are working with clocks, make sure create_clock was used to create the clock object before it is referenced.
WARNING: [Vivado 12-508] No pins matched 'get_pins -hierarchical -filter { NAME =~  "*ila_core_inst/u_ila_cap_ctrl/u_cap_addrgen/u_cap_window_counter/u_wcnt_hcmp/allx_typeA_match_detection.ltlib_v1_0_0_allx_typeA_inst/DUT/I_WHOLE_SLICE.G_SLICE_IDX[*].U_ALL_SRL_SLICE/u_srl*/S*/CLK*"}'. [u:/Xilinx/Projects/2018_dgamma/vivado_proj/Zybo-Z7-20-HDMI.srcs/sources_1/bd/design_1/ip/design_1_dvi2rgb_1_0/src/ila_timing_workaround.xdc:11]
WARNING: [Vivado 12-180] No cells matched 'get_cells -hierarchical -filter { NAME =~  "*ila_core_inst/u_ila_cap_ctrl/u_cap_addrgen/u_cap_window_counter/u_wcnt_hcmp_q*" && IS_SEQUENTIAL }'. [u:/Xilinx/Projects/2018_dgamma/vivado_proj/Zybo-Z7-20-HDMI.srcs/sources_1/bd/design_1/ip/design_1_dvi2rgb_1_0/src/ila_timing_workaround.xdc:11]
CRITICAL WARNING: [Vivado 12-4739] set_false_path:No valid object(s) found for '-from [get_pins -hierarchical -filter { NAME =~  "*ila_core_inst/u_ila_cap_ctrl/u_cap_addrgen/u_cap_window_counter/u_wcnt_hcmp/allx_typeA_match_detection.ltlib_v1_0_0_allx_typeA_inst/DUT/I_WHOLE_SLICE.G_SLICE_IDX[*].U_ALL_SRL_SLICE/u_srl*/S*/CLK*"}]'. [u:/Xilinx/Projects/2018_dgamma/vivado_proj/Zybo-Z7-20-HDMI.srcs/sources_1/bd/design_1/ip/design_1_dvi2rgb_1_0/src/ila_timing_workaround.xdc:11]
Resolution: Check if the specified object(s) exists in the current design. If it does, ensure that the correct design hierarchy was specified for the object. If you are working with clocks, make sure create_clock was used to create the clock object before it is referenced.
WARNING: [Vivado 12-508] No pins matched 'get_pins -hierarchical -filter { NAME =~  "*ila_core_inst/u_ila_cap_ctrl/u_cap_addrgen/u_cap_sample_counter/u_scnt_cmp/allx_typeA_match_detection.ltlib_v1_0_0_allx_typeA_inst/DUT/I_WHOLE_SLICE.G_SLICE_IDX[*].U_ALL_SRL_SLICE/u_srl*/S*/CLK*"}'. [u:/Xilinx/Projects/2018_dgamma/vivado_proj/Zybo-Z7-20-HDMI.srcs/sources_1/bd/design_1/ip/design_1_dvi2rgb_1_0/src/ila_timing_workaround.xdc:12]
WARNING: [Vivado 12-180] No cells matched 'get_cells -hierarchical -filter { NAME =~  "*ila_core_inst/u_ila_cap_ctrl/u_cap_addrgen/u_cap_sample_counter/u_scnt_cmp_q*" && IS_SEQUENTIAL }'. [u:/Xilinx/Projects/2018_dgamma/vivado_proj/Zybo-Z7-20-HDMI.srcs/sources_1/bd/design_1/ip/design_1_dvi2rgb_1_0/src/ila_timing_workaround.xdc:12]
CRITICAL WARNING: [Vivado 12-4739] set_false_path:No valid object(s) found for '-from [get_pins -hierarchical -filter { NAME =~  "*ila_core_inst/u_ila_cap_ctrl/u_cap_addrgen/u_cap_sample_counter/u_scnt_cmp/allx_typeA_match_detection.ltlib_v1_0_0_allx_typeA_inst/DUT/I_WHOLE_SLICE.G_SLICE_IDX[*].U_ALL_SRL_SLICE/u_srl*/S*/CLK*"}]'. [u:/Xilinx/Projects/2018_dgamma/vivado_proj/Zybo-Z7-20-HDMI.srcs/sources_1/bd/design_1/ip/design_1_dvi2rgb_1_0/src/ila_timing_workaround.xdc:12]
Resolution: Check if the specified object(s) exists in the current design. If it does, ensure that the correct design hierarchy was specified for the object. If you are working with clocks, make sure create_clock was used to create the clock object before it is referenced.
WARNING: [Vivado 12-508] No pins matched 'get_pins -hierarchical -filter { NAME =~  "*allx_typeA_match_detection.ltlib_v1_0_0_allx_typeA_inst/DUT/I_WHOLE_SLICE.G_SLICE_IDX[*].U_ALL_SRL_SLICE/u_srl*/S*/CLK"}'. [u:/Xilinx/Projects/2018_dgamma/vivado_proj/Zybo-Z7-20-HDMI.srcs/sources_1/bd/design_1/ip/design_1_dvi2rgb_1_0/src/ila_timing_workaround.xdc:13]
WARNING: [Vivado 12-508] No pins matched 'get_pins -hierarchical -filter {NAME =~  "*allx_typeA_match_detection.ltlib_v1_0_0_allx_typeA_inst/DUT/I_WHOLE_SLICE.G_SLICE_IDX[*].U_ALL_SRL_SLICE/I_IS_TERMINATION_SLICE_W_OUTPUT_REG.DOUT_O_reg/D"}'. [u:/Xilinx/Projects/2018_dgamma/vivado_proj/Zybo-Z7-20-HDMI.srcs/sources_1/bd/design_1/ip/design_1_dvi2rgb_1_0/src/ila_timing_workaround.xdc:13]
CRITICAL WARNING: [Vivado 12-4739] set_false_path:No valid object(s) found for '-from [get_pins -hierarchical -filter { NAME =~  "*allx_typeA_match_detection.ltlib_v1_0_0_allx_typeA_inst/DUT/I_WHOLE_SLICE.G_SLICE_IDX[*].U_ALL_SRL_SLICE/u_srl*/S*/CLK"}]'. [u:/Xilinx/Projects/2018_dgamma/vivado_proj/Zybo-Z7-20-HDMI.srcs/sources_1/bd/design_1/ip/design_1_dvi2rgb_1_0/src/ila_timing_workaround.xdc:13]
Resolution: Check if the specified object(s) exists in the current design. If it does, ensure that the correct design hierarchy was specified for the object. If you are working with clocks, make sure create_clock was used to create the clock object before it is referenced.
Finished Parsing XDC File [u:/Xilinx/Projects/2018_dgamma/vivado_proj/Zybo-Z7-20-HDMI.srcs/sources_1/bd/design_1/ip/design_1_dvi2rgb_1_0/src/ila_timing_workaround.xdc] for cell 'design_1_i/dvi2rgb_1/U0'
Parsing XDC File [u:/Xilinx/Projects/2018_dgamma/vivado_proj/Zybo-Z7-20-HDMI.srcs/sources_1/bd/design_1/ip/design_1_rgb2dvi_0_0/src/rgb2dvi_clocks.xdc] for cell 'design_1_i/rgb2dvi_0/U0'
Finished Parsing XDC File [u:/Xilinx/Projects/2018_dgamma/vivado_proj/Zybo-Z7-20-HDMI.srcs/sources_1/bd/design_1/ip/design_1_rgb2dvi_0_0/src/rgb2dvi_clocks.xdc] for cell 'design_1_i/rgb2dvi_0/U0'
Parsing XDC File [u:/Xilinx/Projects/2018_dgamma/vivado_proj/Zybo-Z7-20-HDMI.srcs/sources_1/bd/design_1/ip/design_1_v_axi4s_vid_out_0_0/design_1_v_axi4s_vid_out_0_0_clocks.xdc] for cell 'design_1_i/v_axi4s_vid_out_0/inst'
Finished Parsing XDC File [u:/Xilinx/Projects/2018_dgamma/vivado_proj/Zybo-Z7-20-HDMI.srcs/sources_1/bd/design_1/ip/design_1_v_axi4s_vid_out_0_0/design_1_v_axi4s_vid_out_0_0_clocks.xdc] for cell 'design_1_i/v_axi4s_vid_out_0/inst'
Parsing XDC File [u:/Xilinx/Projects/2018_dgamma/vivado_proj/Zybo-Z7-20-HDMI.srcs/sources_1/bd/design_1/ip/design_1_v_tc_out_0/design_1_v_tc_out_0_clocks.xdc] for cell 'design_1_i/v_tc_out/U0'
INFO: [Timing 38-35] Done setting XDC timing constraints. [u:/Xilinx/Projects/2018_dgamma/vivado_proj/Zybo-Z7-20-HDMI.srcs/sources_1/bd/design_1/ip/design_1_v_tc_out_0/design_1_v_tc_out_0_clocks.xdc:2]
INFO: [Timing 38-2] Deriving generated clocks [u:/Xilinx/Projects/2018_dgamma/vivado_proj/Zybo-Z7-20-HDMI.srcs/sources_1/bd/design_1/ip/design_1_v_tc_out_0/design_1_v_tc_out_0_clocks.xdc:2]
get_clocks: Time (s): cpu = 00:00:11 ; elapsed = 00:00:13 . Memory (MB): peak = 1388.195 ; gain = 574.191
Finished Parsing XDC File [u:/Xilinx/Projects/2018_dgamma/vivado_proj/Zybo-Z7-20-HDMI.srcs/sources_1/bd/design_1/ip/design_1_v_tc_out_0/design_1_v_tc_out_0_clocks.xdc] for cell 'design_1_i/v_tc_out/U0'
Parsing XDC File [u:/Xilinx/Projects/2018_dgamma/vivado_proj/Zybo-Z7-20-HDMI.srcs/sources_1/bd/design_1/ip/design_1_v_tc_in_0/design_1_v_tc_in_0_clocks.xdc] for cell 'design_1_i/v_tc_in/U0'
WARNING: [Vivado 12-1008] No clocks found for command 'get_clocks -of [get_ports -scoped_to_current_instance clk]'. [u:/Xilinx/Projects/2018_dgamma/vivado_proj/Zybo-Z7-20-HDMI.srcs/sources_1/bd/design_1/ip/design_1_v_tc_in_0/design_1_v_tc_in_0_clocks.xdc:2]
Resolution: Verify the create_clock command was called to create the clock object before it is referenced.
INFO: [Vivado 12-626] No clocks found. Please use 'create_clock' or 'create_generated_clock' command to create clocks. [u:/Xilinx/Projects/2018_dgamma/vivado_proj/Zybo-Z7-20-HDMI.srcs/sources_1/bd/design_1/ip/design_1_v_tc_in_0/design_1_v_tc_in_0_clocks.xdc:2]
CRITICAL WARNING: [Common 17-55] 'get_property' expects at least one object. [u:/Xilinx/Projects/2018_dgamma/vivado_proj/Zybo-Z7-20-HDMI.srcs/sources_1/bd/design_1/ip/design_1_v_tc_in_0/design_1_v_tc_in_0_clocks.xdc:5]
Resolution: If [get_<value>] was used to populate the object, check to make sure this command returns at least one valid object.
CRITICAL WARNING: [Vivado 12-259] No clocks specified, please specify clocks using -clock, -fall_clock, -rise_clock options [u:/Xilinx/Projects/2018_dgamma/vivado_proj/Zybo-Z7-20-HDMI.srcs/sources_1/bd/design_1/ip/design_1_v_tc_in_0/design_1_v_tc_in_0_clocks.xdc:6]
CRITICAL WARNING: [Vivado 12-4739] set_max_delay:No valid object(s) found for '-to [all_registers -clock [get_clocks -of [get_ports -scoped_to_current_instance clk]]]'. [u:/Xilinx/Projects/2018_dgamma/vivado_proj/Zybo-Z7-20-HDMI.srcs/sources_1/bd/design_1/ip/design_1_v_tc_in_0/design_1_v_tc_in_0_clocks.xdc:6]
Resolution: Check if the specified object(s) exists in the current design. If it does, ensure that the correct design hierarchy was specified for the object. If you are working with clocks, make sure create_clock was used to create the clock object before it is referenced.
Finished Parsing XDC File [u:/Xilinx/Projects/2018_dgamma/vivado_proj/Zybo-Z7-20-HDMI.srcs/sources_1/bd/design_1/ip/design_1_v_tc_in_0/design_1_v_tc_in_0_clocks.xdc] for cell 'design_1_i/v_tc_in/U0'
Parsing XDC File [u:/Xilinx/Projects/2018_dgamma/vivado_proj/Zybo-Z7-20-HDMI.srcs/sources_1/bd/design_1/ip/design_1_v_vid_in_axi4s_0_0/design_1_v_vid_in_axi4s_0_0_clocks.xdc] for cell 'design_1_i/v_vid_in_axi4s_0/inst'
Finished Parsing XDC File [u:/Xilinx/Projects/2018_dgamma/vivado_proj/Zybo-Z7-20-HDMI.srcs/sources_1/bd/design_1/ip/design_1_v_vid_in_axi4s_0_0/design_1_v_vid_in_axi4s_0_0_clocks.xdc] for cell 'design_1_i/v_vid_in_axi4s_0/inst'
Parsing XDC File [u:/Xilinx/Projects/2018_dgamma/vivado_proj/Zybo-Z7-20-HDMI.srcs/sources_1/bd/design_1/ip/design_1_axi_clock_converter_0_0/design_1_axi_clock_converter_0_0_clocks.xdc] for cell 'design_1_i/axi_clock_converter_0/inst'
Finished Parsing XDC File [u:/Xilinx/Projects/2018_dgamma/vivado_proj/Zybo-Z7-20-HDMI.srcs/sources_1/bd/design_1/ip/design_1_axi_clock_converter_0_0/design_1_axi_clock_converter_0_0_clocks.xdc] for cell 'design_1_i/axi_clock_converter_0/inst'
Sourcing Tcl File [U:/Xilinx/2018_2/Vivado/2018.2/data/ip/xpm/xpm_cdc/tcl/xpm_cdc_async_rst.tcl] for cell 'design_1_i/axi_mem_intercon_HP0/m00_couplers/auto_pc/inst/gen_axi4_axi3.axi3_conv_inst/USE_READ.USE_SPLIT_R.read_addr_inst/USE_R_CHANNEL.cmd_queue/inst/fifo_gen_inst/inst_fifo_gen/gconvfifo.rf/grf.rf/rstblk/ngwrdrst.grst.g7serrst.gnsckt_wrst.rst_wr_reg2_inst'
Finished Sourcing Tcl File [U:/Xilinx/2018_2/Vivado/2018.2/data/ip/xpm/xpm_cdc/tcl/xpm_cdc_async_rst.tcl] for cell 'design_1_i/axi_mem_intercon_HP0/m00_couplers/auto_pc/inst/gen_axi4_axi3.axi3_conv_inst/USE_READ.USE_SPLIT_R.read_addr_inst/USE_R_CHANNEL.cmd_queue/inst/fifo_gen_inst/inst_fifo_gen/gconvfifo.rf/grf.rf/rstblk/ngwrdrst.grst.g7serrst.gnsckt_wrst.rst_wr_reg2_inst'
Sourcing Tcl File [U:/Xilinx/2018_2/Vivado/2018.2/data/ip/xpm/xpm_cdc/tcl/xpm_cdc_async_rst.tcl] for cell 'design_1_i/axi_mem_intercon_HP0/m00_couplers/auto_pc/inst/gen_axi4_axi3.axi3_conv_inst/USE_WRITE.write_addr_inst/USE_BURSTS.cmd_queue/inst/fifo_gen_inst/inst_fifo_gen/gconvfifo.rf/grf.rf/rstblk/ngwrdrst.grst.g7serrst.gnsckt_wrst.rst_wr_reg2_inst'
Finished Sourcing Tcl File [U:/Xilinx/2018_2/Vivado/2018.2/data/ip/xpm/xpm_cdc/tcl/xpm_cdc_async_rst.tcl] for cell 'design_1_i/axi_mem_intercon_HP0/m00_couplers/auto_pc/inst/gen_axi4_axi3.axi3_conv_inst/USE_WRITE.write_addr_inst/USE_BURSTS.cmd_queue/inst/fifo_gen_inst/inst_fifo_gen/gconvfifo.rf/grf.rf/rstblk/ngwrdrst.grst.g7serrst.gnsckt_wrst.rst_wr_reg2_inst'
Sourcing Tcl File [U:/Xilinx/2018_2/Vivado/2018.2/data/ip/xpm/xpm_cdc/tcl/xpm_cdc_async_rst.tcl] for cell 'design_1_i/axi_mem_intercon_HP0/m00_couplers/auto_pc/inst/gen_axi4_axi3.axi3_conv_inst/USE_WRITE.write_addr_inst/USE_B_CHANNEL.cmd_b_queue/inst/fifo_gen_inst/inst_fifo_gen/gconvfifo.rf/grf.rf/rstblk/ngwrdrst.grst.g7serrst.gnsckt_wrst.rst_wr_reg2_inst'
Finished Sourcing Tcl File [U:/Xilinx/2018_2/Vivado/2018.2/data/ip/xpm/xpm_cdc/tcl/xpm_cdc_async_rst.tcl] for cell 'design_1_i/axi_mem_intercon_HP0/m00_couplers/auto_pc/inst/gen_axi4_axi3.axi3_conv_inst/USE_WRITE.write_addr_inst/USE_B_CHANNEL.cmd_b_queue/inst/fifo_gen_inst/inst_fifo_gen/gconvfifo.rf/grf.rf/rstblk/ngwrdrst.grst.g7serrst.gnsckt_wrst.rst_wr_reg2_inst'
Sourcing Tcl File [U:/Xilinx/2018_2/Vivado/2018.2/data/ip/xpm/xpm_cdc/tcl/xpm_cdc_gray.tcl] for cell 'design_1_i/v_axi4s_vid_out_0/inst/COUPLER_INST/generate_async_fifo.FIFO_INST/XPM_FIFO_ASYNC_INST/gnuram_async_fifo.xpm_fifo_base_inst/gen_cdc_pntr.rd_pntr_cdc_inst'
Finished Sourcing Tcl File [U:/Xilinx/2018_2/Vivado/2018.2/data/ip/xpm/xpm_cdc/tcl/xpm_cdc_gray.tcl] for cell 'design_1_i/v_axi4s_vid_out_0/inst/COUPLER_INST/generate_async_fifo.FIFO_INST/XPM_FIFO_ASYNC_INST/gnuram_async_fifo.xpm_fifo_base_inst/gen_cdc_pntr.rd_pntr_cdc_inst'
Sourcing Tcl File [U:/Xilinx/2018_2/Vivado/2018.2/data/ip/xpm/xpm_cdc/tcl/xpm_cdc_gray.tcl] for cell 'design_1_i/v_axi4s_vid_out_0/inst/COUPLER_INST/generate_async_fifo.FIFO_INST/XPM_FIFO_ASYNC_INST/gnuram_async_fifo.xpm_fifo_base_inst/gen_cdc_pntr.wr_pntr_cdc_inst'
Finished Sourcing Tcl File [U:/Xilinx/2018_2/Vivado/2018.2/data/ip/xpm/xpm_cdc/tcl/xpm_cdc_gray.tcl] for cell 'design_1_i/v_axi4s_vid_out_0/inst/COUPLER_INST/generate_async_fifo.FIFO_INST/XPM_FIFO_ASYNC_INST/gnuram_async_fifo.xpm_fifo_base_inst/gen_cdc_pntr.wr_pntr_cdc_inst'
Sourcing Tcl File [U:/Xilinx/2018_2/Vivado/2018.2/data/ip/xpm/xpm_cdc/tcl/xpm_cdc_gray.tcl] for cell 'design_1_i/v_axi4s_vid_out_0/inst/COUPLER_INST/generate_async_fifo.FIFO_INST/XPM_FIFO_ASYNC_INST/gnuram_async_fifo.xpm_fifo_base_inst/gen_cdc_pntr.wr_pntr_cdc_dc_inst'
Finished Sourcing Tcl File [U:/Xilinx/2018_2/Vivado/2018.2/data/ip/xpm/xpm_cdc/tcl/xpm_cdc_gray.tcl] for cell 'design_1_i/v_axi4s_vid_out_0/inst/COUPLER_INST/generate_async_fifo.FIFO_INST/XPM_FIFO_ASYNC_INST/gnuram_async_fifo.xpm_fifo_base_inst/gen_cdc_pntr.wr_pntr_cdc_dc_inst'
Sourcing Tcl File [U:/Xilinx/2018_2/Vivado/2018.2/data/ip/xpm/xpm_cdc/tcl/xpm_cdc_gray.tcl] for cell 'design_1_i/v_axi4s_vid_out_0/inst/COUPLER_INST/generate_async_fifo.FIFO_INST/XPM_FIFO_ASYNC_INST/gnuram_async_fifo.xpm_fifo_base_inst/gen_cdc_pntr.rd_pntr_cdc_dc_inst'
Finished Sourcing Tcl File [U:/Xilinx/2018_2/Vivado/2018.2/data/ip/xpm/xpm_cdc/tcl/xpm_cdc_gray.tcl] for cell 'design_1_i/v_axi4s_vid_out_0/inst/COUPLER_INST/generate_async_fifo.FIFO_INST/XPM_FIFO_ASYNC_INST/gnuram_async_fifo.xpm_fifo_base_inst/gen_cdc_pntr.rd_pntr_cdc_dc_inst'
Sourcing Tcl File [U:/Xilinx/2018_2/Vivado/2018.2/data/ip/xpm/xpm_cdc/tcl/xpm_cdc_gray.tcl] for cell 'design_1_i/v_vid_in_axi4s_0/inst/COUPLER_INST/generate_async_fifo.FIFO_INST/XPM_FIFO_ASYNC_INST/gnuram_async_fifo.xpm_fifo_base_inst/gen_cdc_pntr.rd_pntr_cdc_inst'
Finished Sourcing Tcl File [U:/Xilinx/2018_2/Vivado/2018.2/data/ip/xpm/xpm_cdc/tcl/xpm_cdc_gray.tcl] for cell 'design_1_i/v_vid_in_axi4s_0/inst/COUPLER_INST/generate_async_fifo.FIFO_INST/XPM_FIFO_ASYNC_INST/gnuram_async_fifo.xpm_fifo_base_inst/gen_cdc_pntr.rd_pntr_cdc_inst'
Sourcing Tcl File [U:/Xilinx/2018_2/Vivado/2018.2/data/ip/xpm/xpm_cdc/tcl/xpm_cdc_gray.tcl] for cell 'design_1_i/v_vid_in_axi4s_0/inst/COUPLER_INST/generate_async_fifo.FIFO_INST/XPM_FIFO_ASYNC_INST/gnuram_async_fifo.xpm_fifo_base_inst/gen_cdc_pntr.wr_pntr_cdc_inst'
Finished Sourcing Tcl File [U:/Xilinx/2018_2/Vivado/2018.2/data/ip/xpm/xpm_cdc/tcl/xpm_cdc_gray.tcl] for cell 'design_1_i/v_vid_in_axi4s_0/inst/COUPLER_INST/generate_async_fifo.FIFO_INST/XPM_FIFO_ASYNC_INST/gnuram_async_fifo.xpm_fifo_base_inst/gen_cdc_pntr.wr_pntr_cdc_inst'
Sourcing Tcl File [U:/Xilinx/2018_2/Vivado/2018.2/data/ip/xpm/xpm_cdc/tcl/xpm_cdc_gray.tcl] for cell 'design_1_i/v_vid_in_axi4s_0/inst/COUPLER_INST/generate_async_fifo.FIFO_INST/XPM_FIFO_ASYNC_INST/gnuram_async_fifo.xpm_fifo_base_inst/gen_cdc_pntr.wr_pntr_cdc_dc_inst'
Finished Sourcing Tcl File [U:/Xilinx/2018_2/Vivado/2018.2/data/ip/xpm/xpm_cdc/tcl/xpm_cdc_gray.tcl] for cell 'design_1_i/v_vid_in_axi4s_0/inst/COUPLER_INST/generate_async_fifo.FIFO_INST/XPM_FIFO_ASYNC_INST/gnuram_async_fifo.xpm_fifo_base_inst/gen_cdc_pntr.wr_pntr_cdc_dc_inst'
Sourcing Tcl File [U:/Xilinx/2018_2/Vivado/2018.2/data/ip/xpm/xpm_cdc/tcl/xpm_cdc_gray.tcl] for cell 'design_1_i/v_vid_in_axi4s_0/inst/COUPLER_INST/generate_async_fifo.FIFO_INST/XPM_FIFO_ASYNC_INST/gnuram_async_fifo.xpm_fifo_base_inst/gen_cdc_pntr.rd_pntr_cdc_dc_inst'
Finished Sourcing Tcl File [U:/Xilinx/2018_2/Vivado/2018.2/data/ip/xpm/xpm_cdc/tcl/xpm_cdc_gray.tcl] for cell 'design_1_i/v_vid_in_axi4s_0/inst/COUPLER_INST/generate_async_fifo.FIFO_INST/XPM_FIFO_ASYNC_INST/gnuram_async_fifo.xpm_fifo_base_inst/gen_cdc_pntr.rd_pntr_cdc_dc_inst'
Sourcing Tcl File [U:/Xilinx/2018_2/Vivado/2018.2/data/ip/xpm/xpm_cdc/tcl/xpm_cdc_handshake.tcl] for cell 'design_1_i/axi_clock_converter_0/inst/gen_clock_conv.gen_async_lite_conv.clock_conv_lite_fwd_ar/handshake'
Finished Sourcing Tcl File [U:/Xilinx/2018_2/Vivado/2018.2/data/ip/xpm/xpm_cdc/tcl/xpm_cdc_handshake.tcl] for cell 'design_1_i/axi_clock_converter_0/inst/gen_clock_conv.gen_async_lite_conv.clock_conv_lite_fwd_ar/handshake'
Sourcing Tcl File [U:/Xilinx/2018_2/Vivado/2018.2/data/ip/xpm/xpm_cdc/tcl/xpm_cdc_handshake.tcl] for cell 'design_1_i/axi_clock_converter_0/inst/gen_clock_conv.gen_async_lite_conv.clock_conv_lite_fwd_w/handshake'
Finished Sourcing Tcl File [U:/Xilinx/2018_2/Vivado/2018.2/data/ip/xpm/xpm_cdc/tcl/xpm_cdc_handshake.tcl] for cell 'design_1_i/axi_clock_converter_0/inst/gen_clock_conv.gen_async_lite_conv.clock_conv_lite_fwd_w/handshake'
Sourcing Tcl File [U:/Xilinx/2018_2/Vivado/2018.2/data/ip/xpm/xpm_cdc/tcl/xpm_cdc_handshake.tcl] for cell 'design_1_i/axi_clock_converter_0/inst/gen_clock_conv.gen_async_lite_conv.clock_conv_lite_resp_b/handshake'
Finished Sourcing Tcl File [U:/Xilinx/2018_2/Vivado/2018.2/data/ip/xpm/xpm_cdc/tcl/xpm_cdc_handshake.tcl] for cell 'design_1_i/axi_clock_converter_0/inst/gen_clock_conv.gen_async_lite_conv.clock_conv_lite_resp_b/handshake'
Sourcing Tcl File [U:/Xilinx/2018_2/Vivado/2018.2/data/ip/xpm/xpm_cdc/tcl/xpm_cdc_handshake.tcl] for cell 'design_1_i/axi_clock_converter_0/inst/gen_clock_conv.gen_async_lite_conv.clock_conv_lite_resp_r/handshake'
Finished Sourcing Tcl File [U:/Xilinx/2018_2/Vivado/2018.2/data/ip/xpm/xpm_cdc/tcl/xpm_cdc_handshake.tcl] for cell 'design_1_i/axi_clock_converter_0/inst/gen_clock_conv.gen_async_lite_conv.clock_conv_lite_resp_r/handshake'
Sourcing Tcl File [U:/Xilinx/2018_2/Vivado/2018.2/data/ip/xpm/xpm_cdc/tcl/xpm_cdc_handshake.tcl] for cell 'design_1_i/axi_clock_converter_0/inst/gen_clock_conv.gen_async_lite_conv.clock_conv_lite_fwd_aw/handshake'
Finished Sourcing Tcl File [U:/Xilinx/2018_2/Vivado/2018.2/data/ip/xpm/xpm_cdc/tcl/xpm_cdc_handshake.tcl] for cell 'design_1_i/axi_clock_converter_0/inst/gen_clock_conv.gen_async_lite_conv.clock_conv_lite_fwd_aw/handshake'
Sourcing Tcl File [U:/Xilinx/2018_2/Vivado/2018.2/data/ip/xpm/xpm_cdc/tcl/xpm_cdc_single.tcl] for cell 'design_1_i/axi_clock_converter_0/inst/gen_clock_conv.gen_async_lite_conv.clock_conv_lite_resp_r/handshake/xpm_cdc_single_dest2src_inst'
Finished Sourcing Tcl File [U:/Xilinx/2018_2/Vivado/2018.2/data/ip/xpm/xpm_cdc/tcl/xpm_cdc_single.tcl] for cell 'design_1_i/axi_clock_converter_0/inst/gen_clock_conv.gen_async_lite_conv.clock_conv_lite_resp_r/handshake/xpm_cdc_single_dest2src_inst'
Sourcing Tcl File [U:/Xilinx/2018_2/Vivado/2018.2/data/ip/xpm/xpm_cdc/tcl/xpm_cdc_single.tcl] for cell 'design_1_i/axi_clock_converter_0/inst/gen_clock_conv.gen_async_lite_conv.clock_conv_lite_resp_r/handshake/xpm_cdc_single_src2dest_inst'
Finished Sourcing Tcl File [U:/Xilinx/2018_2/Vivado/2018.2/data/ip/xpm/xpm_cdc/tcl/xpm_cdc_single.tcl] for cell 'design_1_i/axi_clock_converter_0/inst/gen_clock_conv.gen_async_lite_conv.clock_conv_lite_resp_r/handshake/xpm_cdc_single_src2dest_inst'
Sourcing Tcl File [U:/Xilinx/2018_2/Vivado/2018.2/data/ip/xpm/xpm_cdc/tcl/xpm_cdc_single.tcl] for cell 'design_1_i/axi_clock_converter_0/inst/gen_clock_conv.gen_async_lite_conv.clock_conv_lite_fwd_aw/handshake/xpm_cdc_single_src2dest_inst'
Finished Sourcing Tcl File [U:/Xilinx/2018_2/Vivado/2018.2/data/ip/xpm/xpm_cdc/tcl/xpm_cdc_single.tcl] for cell 'design_1_i/axi_clock_converter_0/inst/gen_clock_conv.gen_async_lite_conv.clock_conv_lite_fwd_aw/handshake/xpm_cdc_single_src2dest_inst'
Sourcing Tcl File [U:/Xilinx/2018_2/Vivado/2018.2/data/ip/xpm/xpm_cdc/tcl/xpm_cdc_single.tcl] for cell 'design_1_i/axi_clock_converter_0/inst/gen_clock_conv.gen_async_lite_conv.clock_conv_lite_fwd_aw/handshake/xpm_cdc_single_dest2src_inst'
Finished Sourcing Tcl File [U:/Xilinx/2018_2/Vivado/2018.2/data/ip/xpm/xpm_cdc/tcl/xpm_cdc_single.tcl] for cell 'design_1_i/axi_clock_converter_0/inst/gen_clock_conv.gen_async_lite_conv.clock_conv_lite_fwd_aw/handshake/xpm_cdc_single_dest2src_inst'
Sourcing Tcl File [U:/Xilinx/2018_2/Vivado/2018.2/data/ip/xpm/xpm_cdc/tcl/xpm_cdc_single.tcl] for cell 'design_1_i/axi_clock_converter_0/inst/gen_clock_conv.gen_async_lite_conv.clock_conv_lite_fwd_ar/handshake/xpm_cdc_single_src2dest_inst'
Finished Sourcing Tcl File [U:/Xilinx/2018_2/Vivado/2018.2/data/ip/xpm/xpm_cdc/tcl/xpm_cdc_single.tcl] for cell 'design_1_i/axi_clock_converter_0/inst/gen_clock_conv.gen_async_lite_conv.clock_conv_lite_fwd_ar/handshake/xpm_cdc_single_src2dest_inst'
Sourcing Tcl File [U:/Xilinx/2018_2/Vivado/2018.2/data/ip/xpm/xpm_cdc/tcl/xpm_cdc_single.tcl] for cell 'design_1_i/axi_clock_converter_0/inst/gen_clock_conv.gen_async_lite_conv.clock_conv_lite_fwd_ar/handshake/xpm_cdc_single_dest2src_inst'
Finished Sourcing Tcl File [U:/Xilinx/2018_2/Vivado/2018.2/data/ip/xpm/xpm_cdc/tcl/xpm_cdc_single.tcl] for cell 'design_1_i/axi_clock_converter_0/inst/gen_clock_conv.gen_async_lite_conv.clock_conv_lite_fwd_ar/handshake/xpm_cdc_single_dest2src_inst'
Sourcing Tcl File [U:/Xilinx/2018_2/Vivado/2018.2/data/ip/xpm/xpm_cdc/tcl/xpm_cdc_single.tcl] for cell 'design_1_i/axi_clock_converter_0/inst/gen_clock_conv.gen_async_lite_conv.clock_conv_lite_fwd_w/handshake/xpm_cdc_single_src2dest_inst'
Finished Sourcing Tcl File [U:/Xilinx/2018_2/Vivado/2018.2/data/ip/xpm/xpm_cdc/tcl/xpm_cdc_single.tcl] for cell 'design_1_i/axi_clock_converter_0/inst/gen_clock_conv.gen_async_lite_conv.clock_conv_lite_fwd_w/handshake/xpm_cdc_single_src2dest_inst'
Sourcing Tcl File [U:/Xilinx/2018_2/Vivado/2018.2/data/ip/xpm/xpm_cdc/tcl/xpm_cdc_single.tcl] for cell 'design_1_i/axi_clock_converter_0/inst/gen_clock_conv.gen_async_lite_conv.clock_conv_lite_fwd_w/handshake/xpm_cdc_single_dest2src_inst'
Finished Sourcing Tcl File [U:/Xilinx/2018_2/Vivado/2018.2/data/ip/xpm/xpm_cdc/tcl/xpm_cdc_single.tcl] for cell 'design_1_i/axi_clock_converter_0/inst/gen_clock_conv.gen_async_lite_conv.clock_conv_lite_fwd_w/handshake/xpm_cdc_single_dest2src_inst'
Sourcing Tcl File [U:/Xilinx/2018_2/Vivado/2018.2/data/ip/xpm/xpm_cdc/tcl/xpm_cdc_single.tcl] for cell 'design_1_i/axi_clock_converter_0/inst/gen_clock_conv.gen_async_lite_conv.clock_conv_lite_resp_b/handshake/xpm_cdc_single_src2dest_inst'
Finished Sourcing Tcl File [U:/Xilinx/2018_2/Vivado/2018.2/data/ip/xpm/xpm_cdc/tcl/xpm_cdc_single.tcl] for cell 'design_1_i/axi_clock_converter_0/inst/gen_clock_conv.gen_async_lite_conv.clock_conv_lite_resp_b/handshake/xpm_cdc_single_src2dest_inst'
Sourcing Tcl File [U:/Xilinx/2018_2/Vivado/2018.2/data/ip/xpm/xpm_cdc/tcl/xpm_cdc_single.tcl] for cell 'design_1_i/axi_clock_converter_0/inst/gen_clock_conv.gen_async_lite_conv.clock_conv_lite_resp_b/handshake/xpm_cdc_single_dest2src_inst'
Finished Sourcing Tcl File [U:/Xilinx/2018_2/Vivado/2018.2/data/ip/xpm/xpm_cdc/tcl/xpm_cdc_single.tcl] for cell 'design_1_i/axi_clock_converter_0/inst/gen_clock_conv.gen_async_lite_conv.clock_conv_lite_resp_b/handshake/xpm_cdc_single_dest2src_inst'
Sourcing Tcl File [U:/Xilinx/2018_2/Vivado/2018.2/data/ip/xpm/xpm_cdc/tcl/xpm_cdc_single.tcl] for cell 'design_1_i/v_axi4s_vid_out_0/inst/CDC_SINGLE_LOCKED_INST/xpm_cdc_single_inst'
Finished Sourcing Tcl File [U:/Xilinx/2018_2/Vivado/2018.2/data/ip/xpm/xpm_cdc/tcl/xpm_cdc_single.tcl] for cell 'design_1_i/v_axi4s_vid_out_0/inst/CDC_SINGLE_LOCKED_INST/xpm_cdc_single_inst'
Sourcing Tcl File [U:/Xilinx/2018_2/Vivado/2018.2/data/ip/xpm/xpm_cdc/tcl/xpm_cdc_single.tcl] for cell 'design_1_i/v_axi4s_vid_out_0/inst/CDC_SINGLE_REMAP_UNDERFLOW_INST/xpm_cdc_single_inst'
Finished Sourcing Tcl File [U:/Xilinx/2018_2/Vivado/2018.2/data/ip/xpm/xpm_cdc/tcl/xpm_cdc_single.tcl] for cell 'design_1_i/v_axi4s_vid_out_0/inst/CDC_SINGLE_REMAP_UNDERFLOW_INST/xpm_cdc_single_inst'
Sourcing Tcl File [U:/Xilinx/2018_2/Vivado/2018.2/data/ip/xpm/xpm_cdc/tcl/xpm_cdc_single.tcl] for cell 'design_1_i/v_vid_in_axi4s_0/inst/CDC_SINGLE_REMAP_OVERFLOW_INST/xpm_cdc_single_inst'
Finished Sourcing Tcl File [U:/Xilinx/2018_2/Vivado/2018.2/data/ip/xpm/xpm_cdc/tcl/xpm_cdc_single.tcl] for cell 'design_1_i/v_vid_in_axi4s_0/inst/CDC_SINGLE_REMAP_OVERFLOW_INST/xpm_cdc_single_inst'
Sourcing Tcl File [U:/Xilinx/2018_2/Vivado/2018.2/data/ip/xpm/xpm_cdc/tcl/xpm_cdc_single.tcl] for cell 'design_1_i/v_vid_in_axi4s_0/inst/CDC_SINGLE_RESET_PULSE_INST/xpm_cdc_single_inst'
Finished Sourcing Tcl File [U:/Xilinx/2018_2/Vivado/2018.2/data/ip/xpm/xpm_cdc/tcl/xpm_cdc_single.tcl] for cell 'design_1_i/v_vid_in_axi4s_0/inst/CDC_SINGLE_RESET_PULSE_INST/xpm_cdc_single_inst'
Sourcing Tcl File [U:/Xilinx/2018_2/Vivado/2018.2/data/ip/xpm/xpm_cdc/tcl/xpm_cdc_sync_rst.tcl] for cell 'design_1_i/v_axi4s_vid_out_0/inst/COUPLER_INST/generate_async_fifo.FIFO_INST/XPM_FIFO_ASYNC_INST/gnuram_async_fifo.xpm_fifo_base_inst/xpm_fifo_rst_inst/gen_rst_ic.rrst_wr_inst'
Finished Sourcing Tcl File [U:/Xilinx/2018_2/Vivado/2018.2/data/ip/xpm/xpm_cdc/tcl/xpm_cdc_sync_rst.tcl] for cell 'design_1_i/v_axi4s_vid_out_0/inst/COUPLER_INST/generate_async_fifo.FIFO_INST/XPM_FIFO_ASYNC_INST/gnuram_async_fifo.xpm_fifo_base_inst/xpm_fifo_rst_inst/gen_rst_ic.rrst_wr_inst'
Sourcing Tcl File [U:/Xilinx/2018_2/Vivado/2018.2/data/ip/xpm/xpm_cdc/tcl/xpm_cdc_sync_rst.tcl] for cell 'design_1_i/v_axi4s_vid_out_0/inst/COUPLER_INST/generate_async_fifo.FIFO_INST/XPM_FIFO_ASYNC_INST/gnuram_async_fifo.xpm_fifo_base_inst/xpm_fifo_rst_inst/gen_rst_ic.wrst_rd_inst'
Finished Sourcing Tcl File [U:/Xilinx/2018_2/Vivado/2018.2/data/ip/xpm/xpm_cdc/tcl/xpm_cdc_sync_rst.tcl] for cell 'design_1_i/v_axi4s_vid_out_0/inst/COUPLER_INST/generate_async_fifo.FIFO_INST/XPM_FIFO_ASYNC_INST/gnuram_async_fifo.xpm_fifo_base_inst/xpm_fifo_rst_inst/gen_rst_ic.wrst_rd_inst'
Sourcing Tcl File [U:/Xilinx/2018_2/Vivado/2018.2/data/ip/xpm/xpm_cdc/tcl/xpm_cdc_sync_rst.tcl] for cell 'design_1_i/v_vid_in_axi4s_0/inst/COUPLER_INST/generate_async_fifo.FIFO_INST/XPM_FIFO_ASYNC_INST/gnuram_async_fifo.xpm_fifo_base_inst/xpm_fifo_rst_inst/gen_rst_ic.rrst_wr_inst'
Finished Sourcing Tcl File [U:/Xilinx/2018_2/Vivado/2018.2/data/ip/xpm/xpm_cdc/tcl/xpm_cdc_sync_rst.tcl] for cell 'design_1_i/v_vid_in_axi4s_0/inst/COUPLER_INST/generate_async_fifo.FIFO_INST/XPM_FIFO_ASYNC_INST/gnuram_async_fifo.xpm_fifo_base_inst/xpm_fifo_rst_inst/gen_rst_ic.rrst_wr_inst'
Sourcing Tcl File [U:/Xilinx/2018_2/Vivado/2018.2/data/ip/xpm/xpm_cdc/tcl/xpm_cdc_sync_rst.tcl] for cell 'design_1_i/v_vid_in_axi4s_0/inst/COUPLER_INST/generate_async_fifo.FIFO_INST/XPM_FIFO_ASYNC_INST/gnuram_async_fifo.xpm_fifo_base_inst/xpm_fifo_rst_inst/gen_rst_ic.wrst_rd_inst'
Finished Sourcing Tcl File [U:/Xilinx/2018_2/Vivado/2018.2/data/ip/xpm/xpm_cdc/tcl/xpm_cdc_sync_rst.tcl] for cell 'design_1_i/v_vid_in_axi4s_0/inst/COUPLER_INST/generate_async_fifo.FIFO_INST/XPM_FIFO_ASYNC_INST/gnuram_async_fifo.xpm_fifo_base_inst/xpm_fifo_rst_inst/gen_rst_ic.wrst_rd_inst'
Sourcing Tcl File [U:/Xilinx/2018_2/Vivado/2018.2/data/ip/xpm/xpm_fifo/tcl/xpm_fifo_rst.tcl] for cell 'design_1_i/axi_vdma_0/U0/I_PRMRY_DATAMOVER/GEN_MM2S_FULL.I_MM2S_FULL_WRAPPER/GEN_INCLUDE_MM2S_SF.I_RD_SF/I_DATA_FIFO/BLK_MEM.I_SYNC_FIFOGEN_FIFO/xpm_fifo_instance.xpm_fifo_sync_inst/xpm_fifo_base_inst'
Finished Sourcing Tcl File [U:/Xilinx/2018_2/Vivado/2018.2/data/ip/xpm/xpm_fifo/tcl/xpm_fifo_rst.tcl] for cell 'design_1_i/axi_vdma_0/U0/I_PRMRY_DATAMOVER/GEN_MM2S_FULL.I_MM2S_FULL_WRAPPER/GEN_INCLUDE_MM2S_SF.I_RD_SF/I_DATA_FIFO/BLK_MEM.I_SYNC_FIFOGEN_FIFO/xpm_fifo_instance.xpm_fifo_sync_inst/xpm_fifo_base_inst'
Sourcing Tcl File [U:/Xilinx/2018_2/Vivado/2018.2/data/ip/xpm/xpm_fifo/tcl/xpm_fifo_rst.tcl] for cell 'design_1_i/axi_vdma_0/U0/I_PRMRY_DATAMOVER/GEN_S2MM_FULL.I_S2MM_FULL_WRAPPER/GEN_ENABLE_INDET_BTT_SF.I_INDET_BTT/I_XD_FIFO/NON_BLK_MEM.I_SYNC_FIFOGEN_FIFO/xpm_fifo_instance.xpm_fifo_sync_inst/xpm_fifo_base_inst'
Finished Sourcing Tcl File [U:/Xilinx/2018_2/Vivado/2018.2/data/ip/xpm/xpm_fifo/tcl/xpm_fifo_rst.tcl] for cell 'design_1_i/axi_vdma_0/U0/I_PRMRY_DATAMOVER/GEN_S2MM_FULL.I_S2MM_FULL_WRAPPER/GEN_ENABLE_INDET_BTT_SF.I_INDET_BTT/I_XD_FIFO/NON_BLK_MEM.I_SYNC_FIFOGEN_FIFO/xpm_fifo_instance.xpm_fifo_sync_inst/xpm_fifo_base_inst'
Sourcing Tcl File [U:/Xilinx/2018_2/Vivado/2018.2/data/ip/xpm/xpm_fifo/tcl/xpm_fifo_rst.tcl] for cell 'design_1_i/axi_vdma_0/U0/I_PRMRY_DATAMOVER/GEN_S2MM_FULL.I_S2MM_FULL_WRAPPER/GEN_ENABLE_INDET_BTT_SF.I_INDET_BTT/I_DATA_FIFO/BLK_MEM.I_SYNC_FIFOGEN_FIFO/xpm_fifo_instance.xpm_fifo_sync_inst/xpm_fifo_base_inst'
Finished Sourcing Tcl File [U:/Xilinx/2018_2/Vivado/2018.2/data/ip/xpm/xpm_fifo/tcl/xpm_fifo_rst.tcl] for cell 'design_1_i/axi_vdma_0/U0/I_PRMRY_DATAMOVER/GEN_S2MM_FULL.I_S2MM_FULL_WRAPPER/GEN_ENABLE_INDET_BTT_SF.I_INDET_BTT/I_DATA_FIFO/BLK_MEM.I_SYNC_FIFOGEN_FIFO/xpm_fifo_instance.xpm_fifo_sync_inst/xpm_fifo_base_inst'
Sourcing Tcl File [U:/Xilinx/2018_2/Vivado/2018.2/data/ip/xpm/xpm_fifo/tcl/xpm_fifo_rst.tcl] for cell 'design_1_i/v_axi4s_vid_out_0/inst/COUPLER_INST/generate_async_fifo.FIFO_INST/XPM_FIFO_ASYNC_INST/gnuram_async_fifo.xpm_fifo_base_inst'
Finished Sourcing Tcl File [U:/Xilinx/2018_2/Vivado/2018.2/data/ip/xpm/xpm_fifo/tcl/xpm_fifo_rst.tcl] for cell 'design_1_i/v_axi4s_vid_out_0/inst/COUPLER_INST/generate_async_fifo.FIFO_INST/XPM_FIFO_ASYNC_INST/gnuram_async_fifo.xpm_fifo_base_inst'
Sourcing Tcl File [U:/Xilinx/2018_2/Vivado/2018.2/data/ip/xpm/xpm_fifo/tcl/xpm_fifo_rst.tcl] for cell 'design_1_i/v_vid_in_axi4s_0/inst/COUPLER_INST/generate_async_fifo.FIFO_INST/XPM_FIFO_ASYNC_INST/gnuram_async_fifo.xpm_fifo_base_inst'
Finished Sourcing Tcl File [U:/Xilinx/2018_2/Vivado/2018.2/data/ip/xpm/xpm_fifo/tcl/xpm_fifo_rst.tcl] for cell 'design_1_i/v_vid_in_axi4s_0/inst/COUPLER_INST/generate_async_fifo.FIFO_INST/XPM_FIFO_ASYNC_INST/gnuram_async_fifo.xpm_fifo_base_inst'
INFO: [Opt 31-138] Pushed 0 inverter(s) to 0 load pin(s).
INFO: [Project 1-111] Unisim Transformation Summary:
  A total of 15 instances were transformed.
  IOBUF => IOBUF (IBUF, OBUFT): 4 instances
  RAM32M => RAM32M (RAMD32, RAMD32, RAMD32, RAMD32, RAMD32, RAMD32, RAMS32, RAMS32): 10 instances
  RAM32X1D => RAM32X1D (RAMD32, RAMD32): 1 instances

37 Infos, 11 Warnings, 11 Critical Warnings and 0 Errors encountered.
link_design completed successfully
link_design: Time (s): cpu = 00:00:27 ; elapsed = 00:00:33 . Memory (MB): peak = 1388.195 ; gain = 1020.684
Command: opt_design -directive Explore
INFO: [Vivado_Tcl 4-136] Directive used for opt_design is: Explore
Attempting to get a license for feature 'Implementation' and/or device 'xc7z020'
INFO: [Common 17-349] Got license for feature 'Implementation' and/or device 'xc7z020'
Running DRC as a precondition to command opt_design

Starting DRC Task
INFO: [DRC 23-27] Running DRC with 2 threads
INFO: [Project 1-461] DRC finished with 0 Errors
INFO: [Project 1-462] Please refer to the DRC report (report_drc) for more information.

Time (s): cpu = 00:00:02 ; elapsed = 00:00:00.929 . Memory (MB): peak = 1388.195 ; gain = 0.000

Starting Cache Timing Information Task
INFO: [Timing 38-35] Done setting XDC timing constraints.
Ending Cache Timing Information Task | Checksum: 19c294a90

Time (s): cpu = 00:00:02 ; elapsed = 00:00:01 . Memory (MB): peak = 1388.195 ; gain = 0.000

Starting Logic Optimization Task

Phase 1 Retarget
INFO: [Opt 31-138] Pushed 3 inverter(s) to 23 load pin(s).
INFO: [Opt 31-49] Retargeted 0 cell(s).
Phase 1 Retarget | Checksum: 2a437ccaa

Time (s): cpu = 00:00:02 ; elapsed = 00:00:02 . Memory (MB): peak = 1388.195 ; gain = 0.000
INFO: [Opt 31-389] Phase Retarget created 0 cells and removed 0 cells

Phase 2 Constant propagation
INFO: [Opt 31-138] Pushed 1 inverter(s) to 1 load pin(s).
Phase 2 Constant propagation | Checksum: 21268dee7

Time (s): cpu = 00:00:03 ; elapsed = 00:00:03 . Memory (MB): peak = 1388.195 ; gain = 0.000
INFO: [Opt 31-389] Phase Constant propagation created 181 cells and removed 1433 cells

Phase 3 Sweep
Phase 3 Sweep | Checksum: 27d91560a

Time (s): cpu = 00:00:05 ; elapsed = 00:00:05 . Memory (MB): peak = 1388.195 ; gain = 0.000
INFO: [Opt 31-389] Phase Sweep created 0 cells and removed 2734 cells

Phase 4 BUFG optimization
Phase 4 BUFG optimization | Checksum: 27d91560a

Time (s): cpu = 00:00:06 ; elapsed = 00:00:05 . Memory (MB): peak = 1388.195 ; gain = 0.000
INFO: [Opt 31-662] Phase BUFG optimization created 0 cells of which 0 are BUFGs and removed 0 cells.

Phase 5 Shift Register Optimization
Phase 5 Shift Register Optimization | Checksum: 1bff84658

Time (s): cpu = 00:00:07 ; elapsed = 00:00:07 . Memory (MB): peak = 1388.195 ; gain = 0.000
INFO: [Opt 31-389] Phase Shift Register Optimization created 0 cells and removed 0 cells

Phase 6 Post Processing Netlist
Phase 6 Post Processing Netlist | Checksum: 1bff84658

Time (s): cpu = 00:00:07 ; elapsed = 00:00:07 . Memory (MB): peak = 1388.195 ; gain = 0.000
INFO: [Opt 31-389] Phase Post Processing Netlist created 0 cells and removed 0 cells

Starting Connectivity Check Task

Time (s): cpu = 00:00:00 ; elapsed = 00:00:00.050 . Memory (MB): peak = 1388.195 ; gain = 0.000
Ending Logic Optimization Task | Checksum: 1bff84658

Time (s): cpu = 00:00:07 ; elapsed = 00:00:07 . Memory (MB): peak = 1388.195 ; gain = 0.000

Starting Power Optimization Task
INFO: [Pwropt 34-132] Skipping clock gating for clocks with a period < 2.00 ns.
INFO: [Timing 38-35] Done setting XDC timing constraints.
INFO: [Pwropt 34-9] Applying IDT optimizations ...
INFO: [Pwropt 34-10] Applying ODC optimizations ...
INFO: [Physopt 32-619] Estimated Timing Summary | WNS=0.170 | TNS=0.000 |
Running Vector-less Activity Propagation...

Finished Running Vector-less Activity Propagation


Starting PowerOpt Patch Enables Task
INFO: [Pwropt 34-162] WRITE_MODE attribute of 6 BRAM(s) out of a total of 32 has been updated to save power. Run report_power_opt to get a complete listing of the BRAMs updated.
INFO: [Pwropt 34-201] Structural ODC has moved 0 WE to EN ports
Number of BRAM Ports augmented: 38 newly gated: 0 Total Ports: 64
Number of Flops added for Enable Generation: 2

Ending PowerOpt Patch Enables Task | Checksum: 1c5700365

Time (s): cpu = 00:00:01 ; elapsed = 00:00:00.232 . Memory (MB): peak = 1803.992 ; gain = 0.000
Ending Power Optimization Task | Checksum: 1c5700365

Time (s): cpu = 00:00:17 ; elapsed = 00:00:09 . Memory (MB): peak = 1803.992 ; gain = 415.797

Starting Final Cleanup Task

Starting Logic Optimization Task
INFO: [Timing 38-35] Done setting XDC timing constraints.
Ending Logic Optimization Task | Checksum: 1ad9815c7

Time (s): cpu = 00:00:03 ; elapsed = 00:00:02 . Memory (MB): peak = 1803.992 ; gain = 0.000
Ending Final Cleanup Task | Checksum: 1ad9815c7

Time (s): cpu = 00:00:03 ; elapsed = 00:00:02 . Memory (MB): peak = 1803.992 ; gain = 0.000
INFO: [Common 17-83] Releasing license: Implementation
61 Infos, 11 Warnings, 11 Critical Warnings and 0 Errors encountered.
opt_design completed successfully
opt_design: Time (s): cpu = 00:00:31 ; elapsed = 00:00:21 . Memory (MB): peak = 1803.992 ; gain = 415.797
INFO: [Timing 38-480] Writing timing data to binary archive.
Writing placer database...
Writing XDEF routing.
Writing XDEF routing logical nets.
Writing XDEF routing special nets.
Write XDEF Complete: Time (s): cpu = 00:00:00 ; elapsed = 00:00:00.089 . Memory (MB): peak = 1803.992 ; gain = 0.000
INFO: [Common 17-1381] The checkpoint 'U:/Xilinx/Projects/2018_dgamma/vivado_proj/Zybo-Z7-20-HDMI.runs/impl_1/design_1_wrapper_opt.dcp' has been generated.
INFO: [runtcl-4] Executing : report_drc -file design_1_wrapper_drc_opted.rpt -pb design_1_wrapper_drc_opted.pb -rpx design_1_wrapper_drc_opted.rpx
Command: report_drc -file design_1_wrapper_drc_opted.rpt -pb design_1_wrapper_drc_opted.pb -rpx design_1_wrapper_drc_opted.rpx
INFO: [DRC 23-27] Running DRC with 2 threads
INFO: [Coretcl 2-168] The results of DRC are in file U:/Xilinx/Projects/2018_dgamma/vivado_proj/Zybo-Z7-20-HDMI.runs/impl_1/design_1_wrapper_drc_opted.rpt.
report_drc completed successfully
Command: place_design -directive ExtraTimingOpt
Attempting to get a license for feature 'Implementation' and/or device 'xc7z020'
INFO: [Common 17-349] Got license for feature 'Implementation' and/or device 'xc7z020'
INFO: [DRC 23-27] Running DRC with 2 threads
INFO: [Vivado_Tcl 4-198] DRC finished with 0 Errors
INFO: [Vivado_Tcl 4-199] Please refer to the DRC report (report_drc) for more information.
Running DRC as a precondition to command place_design
INFO: [DRC 23-27] Running DRC with 2 threads
INFO: [Vivado_Tcl 4-198] DRC finished with 0 Errors
INFO: [Vivado_Tcl 4-199] Please refer to the DRC report (report_drc) for more information.

Starting Placer Task
INFO: [Place 46-5] The placer was invoked with the 'ExtraTimingOpt' directive.
INFO: [Place 30-611] Multithreading enabled for place_design using a maximum of 2 CPUs

Phase 1 Placer Initialization

Phase 1.1 Placer Initialization Netlist Sorting
Netlist sorting complete. Time (s): cpu = 00:00:00 ; elapsed = 00:00:00.034 . Memory (MB): peak = 1803.992 ; gain = 0.000
Phase 1.1 Placer Initialization Netlist Sorting | Checksum: d1d5da97

Time (s): cpu = 00:00:00 ; elapsed = 00:00:00.046 . Memory (MB): peak = 1803.992 ; gain = 0.000
INFO: [Timing 38-35] Done setting XDC timing constraints.
INFO: [Opt 31-138] Pushed 0 inverter(s) to 0 load pin(s).
Netlist sorting complete. Time (s): cpu = 00:00:00 ; elapsed = 00:00:00.036 . Memory (MB): peak = 1803.992 ; gain = 0.000

Phase 1.2 IO Placement/ Clock Placement/ Build Placer Device
INFO: [Timing 38-35] Done setting XDC timing constraints.
Phase 1.2 IO Placement/ Clock Placement/ Build Placer Device | Checksum: e2e8f30f

Time (s): cpu = 00:00:09 ; elapsed = 00:00:08 . Memory (MB): peak = 1803.992 ; gain = 0.000

Phase 1.3 Build Placer Netlist Model
Phase 1.3 Build Placer Netlist Model | Checksum: 13f3c8572

Time (s): cpu = 00:00:14 ; elapsed = 00:00:12 . Memory (MB): peak = 1803.992 ; gain = 0.000

Phase 1.4 Constrain Clocks/Macros
Phase 1.4 Constrain Clocks/Macros | Checksum: 13f3c8572

Time (s): cpu = 00:00:14 ; elapsed = 00:00:12 . Memory (MB): peak = 1803.992 ; gain = 0.000
Phase 1 Placer Initialization | Checksum: 13f3c8572

Time (s): cpu = 00:00:14 ; elapsed = 00:00:12 . Memory (MB): peak = 1803.992 ; gain = 0.000

Phase 2 Global Placement

Phase 2.1 Floorplanning
Phase 2.1 Floorplanning | Checksum: 5a37cd5d

Time (s): cpu = 00:00:15 ; elapsed = 00:00:12 . Memory (MB): peak = 1803.992 ; gain = 0.000

Phase 2.2 Physical Synthesis In Placer
INFO: [Physopt 32-65] No nets found for high-fanout optimization.
INFO: [Physopt 32-232] Optimized 0 net. Created 0 new instance.
INFO: [Physopt 32-775] End 1 Pass. Optimized 0 net or cell. Created 0 new cell, deleted 0 existing cell and moved 0 existing cell
Netlist sorting complete. Time (s): cpu = 00:00:00 ; elapsed = 00:00:00.035 . Memory (MB): peak = 1803.992 ; gain = 0.000

Summary of Physical Synthesis Optimizations
============================================


-----------------------------------------------------------------------------------------------------------------------------
|  Optimization       |  Added Cells  |  Removed Cells  |  Optimized Cells/Nets  |  Dont Touch  |  Iterations  |  Elapsed   |
-----------------------------------------------------------------------------------------------------------------------------
|  Very High Fanout   |            0  |              0  |                     0  |           0  |           1  |  00:00:00  |
|  Total              |            0  |              0  |                     0  |           0  |           1  |  00:00:00  |
-----------------------------------------------------------------------------------------------------------------------------


Phase 2.2 Physical Synthesis In Placer | Checksum: b9390b04

Time (s): cpu = 00:00:35 ; elapsed = 00:00:23 . Memory (MB): peak = 1803.992 ; gain = 0.000
Phase 2 Global Placement | Checksum: 13f905433

Time (s): cpu = 00:00:35 ; elapsed = 00:00:24 . Memory (MB): peak = 1803.992 ; gain = 0.000

Phase 3 Detail Placement

Phase 3.1 Commit Multi Column Macros
Phase 3.1 Commit Multi Column Macros | Checksum: 13f905433

Time (s): cpu = 00:00:36 ; elapsed = 00:00:24 . Memory (MB): peak = 1803.992 ; gain = 0.000

Phase 3.2 Commit Most Macros & LUTRAMs
Phase 3.2 Commit Most Macros & LUTRAMs | Checksum: 17874b526

Time (s): cpu = 00:00:38 ; elapsed = 00:00:26 . Memory (MB): peak = 1803.992 ; gain = 0.000

Phase 3.3 Area Swap Optimization
Phase 3.3 Area Swap Optimization | Checksum: 10773404b

Time (s): cpu = 00:00:39 ; elapsed = 00:00:26 . Memory (MB): peak = 1803.992 ; gain = 0.000

Phase 3.4 Pipeline Register Optimization
Phase 3.4 Pipeline Register Optimization | Checksum: 173e10af9

Time (s): cpu = 00:00:39 ; elapsed = 00:00:26 . Memory (MB): peak = 1803.992 ; gain = 0.000

Phase 3.5 Timing Path Optimizer
Phase 3.5 Timing Path Optimizer | Checksum: 173e10af9

Time (s): cpu = 00:00:39 ; elapsed = 00:00:26 . Memory (MB): peak = 1803.992 ; gain = 0.000

Phase 3.6 Fast Optimization
Phase 3.6 Fast Optimization | Checksum: 14230c14a

Time (s): cpu = 00:00:39 ; elapsed = 00:00:26 . Memory (MB): peak = 1803.992 ; gain = 0.000

Phase 3.7 Small Shape Detail Placement
Phase 3.7 Small Shape Detail Placement | Checksum: 330aa0d9

Time (s): cpu = 00:00:46 ; elapsed = 00:00:34 . Memory (MB): peak = 1803.992 ; gain = 0.000

Phase 3.8 Re-assign LUT pins
Phase 3.8 Re-assign LUT pins | Checksum: 8cb3d4c9

Time (s): cpu = 00:00:47 ; elapsed = 00:00:35 . Memory (MB): peak = 1803.992 ; gain = 0.000

Phase 3.9 Pipeline Register Optimization
Phase 3.9 Pipeline Register Optimization | Checksum: 8cb3d4c9

Time (s): cpu = 00:00:47 ; elapsed = 00:00:35 . Memory (MB): peak = 1803.992 ; gain = 0.000
Phase 3 Detail Placement | Checksum: 8cb3d4c9

Time (s): cpu = 00:00:47 ; elapsed = 00:00:35 . Memory (MB): peak = 1803.992 ; gain = 0.000

Phase 4 Post Placement Optimization and Clean-Up

Phase 4.1 Post Commit Optimization
INFO: [Timing 38-35] Done setting XDC timing constraints.

Phase 4.1.1 Post Placement Optimization
Post Placement Optimization Initialization | Checksum: 1563ac0a7

Phase 4.1.1.1 BUFG Insertion
INFO: [Place 46-33] Processed net design_1_i/v_tc_out/U0/U_VIDEO_CTRL/GEN_HAS_IRQ.irq_i_1_n_0, BUFG insertion was skipped due to placement/routing conflicts.
INFO: [Place 46-31] BUFG insertion identified 1 candidate nets, 0 success, 1 skipped for placement/routing, 0 skipped for timing, 0 skipped for netlist change reason.
Phase 4.1.1.1 BUFG Insertion | Checksum: 1563ac0a7

Time (s): cpu = 00:00:52 ; elapsed = 00:00:39 . Memory (MB): peak = 1803.992 ; gain = 0.000
INFO: [Place 30-746] Post Placement Timing Summary WNS=0.770. For the most accurate timing information please run report_timing.
Phase 4.1.1 Post Placement Optimization | Checksum: 162b053b3

Time (s): cpu = 00:00:54 ; elapsed = 00:00:40 . Memory (MB): peak = 1803.992 ; gain = 0.000
Phase 4.1 Post Commit Optimization | Checksum: 162b053b3

Time (s): cpu = 00:00:54 ; elapsed = 00:00:40 . Memory (MB): peak = 1803.992 ; gain = 0.000

Phase 4.2 Post Placement Cleanup
Phase 4.2 Post Placement Cleanup | Checksum: 162b053b3

Time (s): cpu = 00:00:54 ; elapsed = 00:00:41 . Memory (MB): peak = 1803.992 ; gain = 0.000

Phase 4.3 Placer Reporting
Phase 4.3 Placer Reporting | Checksum: 162b053b3

Time (s): cpu = 00:00:54 ; elapsed = 00:00:41 . Memory (MB): peak = 1803.992 ; gain = 0.000

Phase 4.4 Final Placement Cleanup
Phase 4.4 Final Placement Cleanup | Checksum: 1cd7d6dab

Time (s): cpu = 00:00:54 ; elapsed = 00:00:41 . Memory (MB): peak = 1803.992 ; gain = 0.000
Phase 4 Post Placement Optimization and Clean-Up | Checksum: 1cd7d6dab

Time (s): cpu = 00:00:54 ; elapsed = 00:00:41 . Memory (MB): peak = 1803.992 ; gain = 0.000
Ending Placer Task | Checksum: 17ebd2103

Time (s): cpu = 00:00:54 ; elapsed = 00:00:41 . Memory (MB): peak = 1803.992 ; gain = 0.000
INFO: [Common 17-83] Releasing license: Implementation
86 Infos, 11 Warnings, 11 Critical Warnings and 0 Errors encountered.
place_design completed successfully
place_design: Time (s): cpu = 00:00:58 ; elapsed = 00:00:44 . Memory (MB): peak = 1803.992 ; gain = 0.000
INFO: [Timing 38-480] Writing timing data to binary archive.
Writing placer database...
Writing XDEF routing.
Writing XDEF routing logical nets.
Writing XDEF routing special nets.
Write XDEF Complete: Time (s): cpu = 00:00:06 ; elapsed = 00:00:02 . Memory (MB): peak = 1803.992 ; gain = 0.000
INFO: [Common 17-1381] The checkpoint 'U:/Xilinx/Projects/2018_dgamma/vivado_proj/Zybo-Z7-20-HDMI.runs/impl_1/design_1_wrapper_placed.dcp' has been generated.
INFO: [runtcl-4] Executing : report_io -file design_1_wrapper_io_placed.rpt
report_io: Time (s): cpu = 00:00:00 ; elapsed = 00:00:00.062 . Memory (MB): peak = 1803.992 ; gain = 0.000
INFO: [runtcl-4] Executing : report_utilization -file design_1_wrapper_utilization_placed.rpt -pb design_1_wrapper_utilization_placed.pb
report_utilization: Time (s): cpu = 00:00:01 ; elapsed = 00:00:00.253 . Memory (MB): peak = 1803.992 ; gain = 0.000
INFO: [runtcl-4] Executing : report_control_sets -verbose -file design_1_wrapper_control_sets_placed.rpt
report_control_sets: Time (s): cpu = 00:00:00 ; elapsed = 00:00:00.122 . Memory (MB): peak = 1803.992 ; gain = 0.000
Command: phys_opt_design -directive AggressiveExplore
Attempting to get a license for feature 'Implementation' and/or device 'xc7z020'
INFO: [Common 17-349] Got license for feature 'Implementation' and/or device 'xc7z020'
INFO: [Vivado_Tcl 4-137] Directive used for phys_opt_design is: AggressiveExplore
INFO: [Vivado_Tcl 4-383] Design worst setup slack (WNS) is greater than or equal to 0.500 ns. Skipping all physical synthesis optimizations.
INFO: [Vivado_Tcl 4-232] No setup violation found. The netlist was not modified.
INFO: [Common 17-83] Releasing license: Implementation
96 Infos, 11 Warnings, 11 Critical Warnings and 0 Errors encountered.
phys_opt_design completed successfully
INFO: [Timing 38-480] Writing timing data to binary archive.
Writing placer database...
Writing XDEF routing.
Writing XDEF routing logical nets.
Writing XDEF routing special nets.
Write XDEF Complete: Time (s): cpu = 00:00:06 ; elapsed = 00:00:02 . Memory (MB): peak = 1803.992 ; gain = 0.000
INFO: [Common 17-1381] The checkpoint 'U:/Xilinx/Projects/2018_dgamma/vivado_proj/Zybo-Z7-20-HDMI.runs/impl_1/design_1_wrapper_physopt.dcp' has been generated.
Command: route_design -directive RuntimeOptimized
Attempting to get a license for feature 'Implementation' and/or device 'xc7z020'
INFO: [Common 17-349] Got license for feature 'Implementation' and/or device 'xc7z020'
Running DRC as a precondition to command route_design
INFO: [DRC 23-27] Running DRC with 2 threads
INFO: [Vivado_Tcl 4-198] DRC finished with 0 Errors
INFO: [Vivado_Tcl 4-199] Please refer to the DRC report (report_drc) for more information.


Starting Routing Task
INFO: [Route 35-270] Using Router directive 'RuntimeOptimized'.
INFO: [Route 35-254] Multithreading enabled for route_design using a maximum of 2 CPUs
Checksum: PlaceDB: cb66704d ConstDB: 0 ShapeSum: b356b0b6 RouteDB: 0

Phase 1 Build RT Design
Phase 1 Build RT Design | Checksum: 1a80c4576

Time (s): cpu = 00:00:29 ; elapsed = 00:00:23 . Memory (MB): peak = 1803.992 ; gain = 0.000
Post Restoration Checksum: NetGraph: fd52c4fa NumContArr: aab9807c Constraints: 0 Timing: 0

Phase 2 Router Initialization

Phase 2.1 Create Timer
Phase 2.1 Create Timer | Checksum: 1a80c4576

Time (s): cpu = 00:00:29 ; elapsed = 00:00:24 . Memory (MB): peak = 1803.992 ; gain = 0.000

Phase 2.2 Fix Topology Constraints
Phase 2.2 Fix Topology Constraints | Checksum: 1a80c4576

Time (s): cpu = 00:00:29 ; elapsed = 00:00:24 . Memory (MB): peak = 1803.992 ; gain = 0.000

Phase 2.3 Pre Route Cleanup
Phase 2.3 Pre Route Cleanup | Checksum: 1a80c4576

Time (s): cpu = 00:00:29 ; elapsed = 00:00:24 . Memory (MB): peak = 1803.992 ; gain = 0.000
 Number of Nodes with overlaps = 0

Phase 2.4 Update Timing
Phase 2.4 Update Timing | Checksum: 158a273de

Time (s): cpu = 00:00:36 ; elapsed = 00:00:28 . Memory (MB): peak = 1803.992 ; gain = 0.000
INFO: [Route 35-416] Intermediate Timing Summary | WNS=0.805  | TNS=0.000  | WHS=-0.356 | THS=-220.960|


Phase 2.5 Update Timing for Bus Skew

Phase 2.5.1 Update Timing
Phase 2.5.1 Update Timing | Checksum: 16d5ab227

Time (s): cpu = 00:00:40 ; elapsed = 00:00:31 . Memory (MB): peak = 1803.992 ; gain = 0.000
INFO: [Route 35-416] Intermediate Timing Summary | WNS=0.805  | TNS=0.000  | WHS=N/A    | THS=N/A    |

Phase 2.5 Update Timing for Bus Skew | Checksum: 11f2ec0c2

Time (s): cpu = 00:00:40 ; elapsed = 00:00:31 . Memory (MB): peak = 1803.992 ; gain = 0.000
Phase 2 Router Initialization | Checksum: 145bb5da9

Time (s): cpu = 00:00:40 ; elapsed = 00:00:31 . Memory (MB): peak = 1803.992 ; gain = 0.000

Phase 3 Initial Routing
Phase 3 Initial Routing | Checksum: 1c6b6de7a

Time (s): cpu = 00:00:43 ; elapsed = 00:00:32 . Memory (MB): peak = 1803.992 ; gain = 0.000

Phase 4 Rip-up And Reroute

Phase 4.1 Global Iteration 0
 Number of Nodes with overlaps = 1263
 Number of Nodes with overlaps = 130
 Number of Nodes with overlaps = 21
 Number of Nodes with overlaps = 7
 Number of Nodes with overlaps = 6
 Number of Nodes with overlaps = 0
INFO: [Route 35-416] Intermediate Timing Summary | WNS=0.520  | TNS=0.000  | WHS=N/A    | THS=N/A    |

Phase 4.1 Global Iteration 0 | Checksum: 18f9ebd37

Time (s): cpu = 00:00:54 ; elapsed = 00:00:38 . Memory (MB): peak = 1803.992 ; gain = 0.000

Phase 4.2 Global Iteration 1
 Number of Nodes with overlaps = 3
 Number of Nodes with overlaps = 0
INFO: [Route 35-416] Intermediate Timing Summary | WNS=0.520  | TNS=0.000  | WHS=N/A    | THS=N/A    |

Phase 4.2 Global Iteration 1 | Checksum: 1936ff122

Time (s): cpu = 00:00:54 ; elapsed = 00:00:39 . Memory (MB): peak = 1803.992 ; gain = 0.000
Phase 4 Rip-up And Reroute | Checksum: 1936ff122

Time (s): cpu = 00:00:54 ; elapsed = 00:00:39 . Memory (MB): peak = 1803.992 ; gain = 0.000

Phase 5 Delay and Skew Optimization

Phase 5.1 Delay CleanUp
Phase 5.1 Delay CleanUp | Checksum: 1936ff122

Time (s): cpu = 00:00:54 ; elapsed = 00:00:39 . Memory (MB): peak = 1803.992 ; gain = 0.000

Phase 5.2 Clock Skew Optimization
Phase 5.2 Clock Skew Optimization | Checksum: 1936ff122

Time (s): cpu = 00:00:54 ; elapsed = 00:00:39 . Memory (MB): peak = 1803.992 ; gain = 0.000
Phase 5 Delay and Skew Optimization | Checksum: 1936ff122

Time (s): cpu = 00:00:54 ; elapsed = 00:00:39 . Memory (MB): peak = 1803.992 ; gain = 0.000

Phase 6 Post Hold Fix

Phase 6.1 Hold Fix Iter

Phase 6.1.1 Update Timing
Phase 6.1.1 Update Timing | Checksum: f6e8518c

Time (s): cpu = 00:00:56 ; elapsed = 00:00:40 . Memory (MB): peak = 1803.992 ; gain = 0.000
INFO: [Route 35-416] Intermediate Timing Summary | WNS=0.520  | TNS=0.000  | WHS=0.031  | THS=0.000  |

Phase 6.1 Hold Fix Iter | Checksum: 1a41d64e2

Time (s): cpu = 00:00:56 ; elapsed = 00:00:40 . Memory (MB): peak = 1803.992 ; gain = 0.000
Phase 6 Post Hold Fix | Checksum: 1a41d64e2

Time (s): cpu = 00:00:56 ; elapsed = 00:00:40 . Memory (MB): peak = 1803.992 ; gain = 0.000

Phase 7 Route finalize

Router Utilization Summary
  Global Vertical Routing Utilization    = 3.05949 %
  Global Horizontal Routing Utilization  = 3.85387 %
  Routable Net Status*
  *Does not include unroutable nets such as driverless and loadless.
  Run report_route_status for detailed report.
  Number of Failed Nets               = 0
  Number of Unrouted Nets             = 0
  Number of Partially Routed Nets     = 0
  Number of Node Overlaps             = 0

Phase 7 Route finalize | Checksum: d896ad47

Time (s): cpu = 00:00:56 ; elapsed = 00:00:40 . Memory (MB): peak = 1803.992 ; gain = 0.000

Phase 8 Verifying routed nets

 Verification completed successfully
Phase 8 Verifying routed nets | Checksum: d896ad47

Time (s): cpu = 00:00:56 ; elapsed = 00:00:40 . Memory (MB): peak = 1803.992 ; gain = 0.000

Phase 9 Depositing Routes
Phase 9 Depositing Routes | Checksum: 514fe39c

Time (s): cpu = 00:00:57 ; elapsed = 00:00:42 . Memory (MB): peak = 1803.992 ; gain = 0.000

Phase 10 Post Router Timing
INFO: [Route 35-57] Estimated Timing Summary | WNS=0.520  | TNS=0.000  | WHS=0.031  | THS=0.000  |

INFO: [Route 35-327] The final timing numbers are based on the router estimated timing analysis. For a complete and accurate timing signoff, please run report_timing_summary.
Phase 10 Post Router Timing | Checksum: 514fe39c

Time (s): cpu = 00:00:58 ; elapsed = 00:00:42 . Memory (MB): peak = 1803.992 ; gain = 0.000
INFO: [Route 35-16] Router Completed Successfully

Time (s): cpu = 00:00:58 ; elapsed = 00:00:42 . Memory (MB): peak = 1803.992 ; gain = 0.000

Routing Is Done.
INFO: [Common 17-83] Releasing license: Implementation
113 Infos, 11 Warnings, 11 Critical Warnings and 0 Errors encountered.
route_design completed successfully
route_design: Time (s): cpu = 00:01:04 ; elapsed = 00:00:46 . Memory (MB): peak = 1803.992 ; gain = 0.000
INFO: [Timing 38-480] Writing timing data to binary archive.
Writing placer database...
Writing XDEF routing.
Writing XDEF routing logical nets.
Writing XDEF routing special nets.
Write XDEF Complete: Time (s): cpu = 00:00:06 ; elapsed = 00:00:02 . Memory (MB): peak = 1803.992 ; gain = 0.000
INFO: [Common 17-1381] The checkpoint 'U:/Xilinx/Projects/2018_dgamma/vivado_proj/Zybo-Z7-20-HDMI.runs/impl_1/design_1_wrapper_routed.dcp' has been generated.
INFO: [runtcl-4] Executing : report_drc -file design_1_wrapper_drc_routed.rpt -pb design_1_wrapper_drc_routed.pb -rpx design_1_wrapper_drc_routed.rpx
Command: report_drc -file design_1_wrapper_drc_routed.rpt -pb design_1_wrapper_drc_routed.pb -rpx design_1_wrapper_drc_routed.rpx
INFO: [DRC 23-27] Running DRC with 2 threads
INFO: [Coretcl 2-168] The results of DRC are in file U:/Xilinx/Projects/2018_dgamma/vivado_proj/Zybo-Z7-20-HDMI.runs/impl_1/design_1_wrapper_drc_routed.rpt.
report_drc completed successfully
report_drc: Time (s): cpu = 00:00:09 ; elapsed = 00:00:05 . Memory (MB): peak = 1803.992 ; gain = 0.000
INFO: [runtcl-4] Executing : report_methodology -file design_1_wrapper_methodology_drc_routed.rpt -pb design_1_wrapper_methodology_drc_routed.pb -rpx design_1_wrapper_methodology_drc_routed.rpx
Command: report_methodology -file design_1_wrapper_methodology_drc_routed.rpt -pb design_1_wrapper_methodology_drc_routed.pb -rpx design_1_wrapper_methodology_drc_routed.rpx
INFO: [Timing 38-35] Done setting XDC timing constraints.
INFO: [Timing 38-35] Done setting XDC timing constraints.
INFO: [DRC 23-133] Running Methodology with 2 threads
INFO: [Coretcl 2-1520] The results of Report Methodology are in file U:/Xilinx/Projects/2018_dgamma/vivado_proj/Zybo-Z7-20-HDMI.runs/impl_1/design_1_wrapper_methodology_drc_routed.rpt.
report_methodology completed successfully
report_methodology: Time (s): cpu = 00:00:13 ; elapsed = 00:00:07 . Memory (MB): peak = 1803.992 ; gain = 0.000
INFO: [runtcl-4] Executing : report_power -file design_1_wrapper_power_routed.rpt -pb design_1_wrapper_power_summary_routed.pb -rpx design_1_wrapper_power_routed.rpx
Command: report_power -file design_1_wrapper_power_routed.rpt -pb design_1_wrapper_power_summary_routed.pb -rpx design_1_wrapper_power_routed.rpx
INFO: [Timing 38-35] Done setting XDC timing constraints.
Running Vector-less Activity Propagation...

Finished Running Vector-less Activity Propagation
WARNING: [Power 33-332] Found switching activity that implies high-fanout reset nets being asserted for excessive periods of time which may result in inaccurate power analysis.
Resolution: To review and fix problems, please run Power Constraints Advisor in the GUI from Tools > Power Constraints Advisor or run report_power with the -advisory option to generate a text report.
125 Infos, 12 Warnings, 11 Critical Warnings and 0 Errors encountered.
report_power completed successfully
report_power: Time (s): cpu = 00:00:10 ; elapsed = 00:00:05 . Memory (MB): peak = 1803.992 ; gain = 0.000
INFO: [runtcl-4] Executing : report_route_status -file design_1_wrapper_route_status.rpt -pb design_1_wrapper_route_status.pb
INFO: [runtcl-4] Executing : report_timing_summary -max_paths 10 -file design_1_wrapper_timing_summary_routed.rpt -pb design_1_wrapper_timing_summary_routed.pb -rpx design_1_wrapper_timing_summary_routed.rpx
INFO: [Timing 38-91] UpdateTimingParams: Speed grade: -1, Delay Type: min_max, Timing Stage: Requireds.
INFO: [Timing 38-191] Multithreading enabled for timing update using a maximum of 2 CPUs
WARNING: [Timing 38-436] There are set_bus_skew constraint(s) in this design. Please run report_bus_skew to ensure that bus skew requirements are met.
INFO: [runtcl-4] Executing : report_incremental_reuse -file design_1_wrapper_incremental_reuse_routed.rpt
INFO: [Vivado_Tcl 4-545] No incremental reuse to report, no incremental placement and routing data was found.
INFO: [runtcl-4] Executing : report_clock_utilization -file design_1_wrapper_clock_utilization_routed.rpt
INFO: [runtcl-4] Executing : report_bus_skew -warn_on_violation -file design_1_wrapper_bus_skew_routed.rpt -pb design_1_wrapper_bus_skew_routed.pb -rpx design_1_wrapper_bus_skew_routed.rpx
INFO: [Timing 38-91] UpdateTimingParams: Speed grade: -1, Delay Type: min_max, Timing Stage: Requireds.
INFO: [Timing 38-191] Multithreading enabled for timing update using a maximum of 2 CPUs
Command: phys_opt_design -directive Explore
Attempting to get a license for feature 'Implementation' and/or device 'xc7z020'
INFO: [Common 17-349] Got license for feature 'Implementation' and/or device 'xc7z020'
INFO: [Vivado_Tcl 4-241] Physical synthesis in post route mode ( 100.0% nets are fully routed)
INFO: [Vivado_Tcl 4-137] Directive used for phys_opt_design is: Explore
INFO: [Vivado_Tcl 4-383] Design worst setup slack (WNS) is greater than or equal to 0.000 ns. Skipping all physical synthesis optimizations.
INFO: [Vivado_Tcl 4-232] No setup violation found. The netlist was not modified.
INFO: [Common 17-83] Releasing license: Implementation
141 Infos, 13 Warnings, 11 Critical Warnings and 0 Errors encountered.
phys_opt_design completed successfully
INFO: [Timing 38-480] Writing timing data to binary archive.
Writing placer database...
Writing XDEF routing.
Writing XDEF routing logical nets.
Writing XDEF routing special nets.
Write XDEF Complete: Time (s): cpu = 00:00:07 ; elapsed = 00:00:03 . Memory (MB): peak = 1810.535 ; gain = 6.543
INFO: [Common 17-1381] The checkpoint 'U:/Xilinx/Projects/2018_dgamma/vivado_proj/Zybo-Z7-20-HDMI.runs/impl_1/design_1_wrapper_postroute_physopt.dcp' has been generated.
INFO: [runtcl-4] Executing : report_timing_summary -max_paths 10 -warn_on_violation -file design_1_wrapper_timing_summary_postroute_physopted.rpt -pb design_1_wrapper_timing_summary_postroute_physopted.pb -rpx design_1_wrapper_timing_summary_postroute_physopted.rpx
INFO: [Timing 38-91] UpdateTimingParams: Speed grade: -1, Delay Type: min_max, Timing Stage: Requireds.
INFO: [Timing 38-191] Multithreading enabled for timing update using a maximum of 2 CPUs
WARNING: [Timing 38-436] There are set_bus_skew constraint(s) in this design. Please run report_bus_skew to ensure that bus skew requirements are met.
INFO: [runtcl-4] Executing : report_bus_skew -warn_on_violation -file design_1_wrapper_bus_skew_postroute_physopted.rpt -pb design_1_wrapper_bus_skew_postroute_physopted.pb -rpx design_1_wrapper_bus_skew_postroute_physopted.rpx
INFO: [Timing 38-91] UpdateTimingParams: Speed grade: -1, Delay Type: min_max, Timing Stage: Requireds.
INFO: [Timing 38-191] Multithreading enabled for timing update using a maximum of 2 CPUs
INFO: [Memdata 28-208] The XPM instance: <design_1_i/v_vid_in_axi4s_0/inst/COUPLER_INST/generate_async_fifo.FIFO_INST/XPM_FIFO_ASYNC_INST/gnuram_async_fifo.xpm_fifo_base_inst/gen_sdpram.xpm_memory_base_inst> is part of IP: <design_1_i/v_vid_in_axi4s_0>. This XPM instance will be excluded from the .mmi because updatemem is prohibited from making changes to an XPM that is part of an IP.
INFO: [Memdata 28-208] The XPM instance: <design_1_i/v_axi4s_vid_out_0/inst/COUPLER_INST/generate_async_fifo.FIFO_INST/XPM_FIFO_ASYNC_INST/gnuram_async_fifo.xpm_fifo_base_inst/gen_sdpram.xpm_memory_base_inst> is part of IP: <design_1_i/v_axi4s_vid_out_0>. This XPM instance will be excluded from the .mmi because updatemem is prohibited from making changes to an XPM that is part of an IP.
INFO: [Memdata 28-167] Found XPM memory block design_1_i/axi_vdma_0/U0/I_PRMRY_DATAMOVER/GEN_S2MM_FULL.I_S2MM_FULL_WRAPPER/GEN_ENABLE_INDET_BTT_SF.I_INDET_BTT/I_XD_FIFO/NON_BLK_MEM.I_SYNC_FIFOGEN_FIFO/xpm_fifo_instance.xpm_fifo_sync_inst/xpm_fifo_base_inst/gen_sdpram.xpm_memory_base_inst with a P_MEMORY_PRIMITIVE property set to auto. A value of block is required. You will not be able to use the updatemem program to update the bitstream with new data for the design_1_i/axi_vdma_0/U0/I_PRMRY_DATAMOVER/GEN_S2MM_FULL.I_S2MM_FULL_WRAPPER/GEN_ENABLE_INDET_BTT_SF.I_INDET_BTT/I_XD_FIFO/NON_BLK_MEM.I_SYNC_FIFOGEN_FIFO/xpm_fifo_instance.xpm_fifo_sync_inst/xpm_fifo_base_inst/gen_sdpram.xpm_memory_base_inst block.
INFO: [Memdata 28-208] The XPM instance: <design_1_i/axi_vdma_0/U0/I_PRMRY_DATAMOVER/GEN_S2MM_FULL.I_S2MM_FULL_WRAPPER/GEN_ENABLE_INDET_BTT_SF.I_INDET_BTT/I_DATA_FIFO/BLK_MEM.I_SYNC_FIFOGEN_FIFO/xpm_fifo_instance.xpm_fifo_sync_inst/xpm_fifo_base_inst/gen_sdpram.xpm_memory_base_inst> is part of IP: <design_1_i/axi_vdma_0>. This XPM instance will be excluded from the .mmi because updatemem is prohibited from making changes to an XPM that is part of an IP.
INFO: [Memdata 28-208] The XPM instance: <design_1_i/axi_vdma_0/U0/I_PRMRY_DATAMOVER/GEN_MM2S_FULL.I_MM2S_FULL_WRAPPER/GEN_INCLUDE_MM2S_SF.I_RD_SF/I_DATA_FIFO/BLK_MEM.I_SYNC_FIFOGEN_FIFO/xpm_fifo_instance.xpm_fifo_sync_inst/xpm_fifo_base_inst/gen_sdpram.xpm_memory_base_inst> is part of IP: <design_1_i/axi_vdma_0>. This XPM instance will be excluded from the .mmi because updatemem is prohibited from making changes to an XPM that is part of an IP.
Command: write_bitstream -force design_1_wrapper.bit
Attempting to get a license for feature 'Implementation' and/or device 'xc7z020'
INFO: [Common 17-349] Got license for feature 'Implementation' and/or device 'xc7z020'
Running DRC as a precondition to command write_bitstream
INFO: [DRC 23-27] Running DRC with 2 threads
WARNING: [DRC RTSTAT-10] No routable loads: 25 net(s) have no routable loads. The problem bus(es) and/or net(s) are design_1_i/axi_vdma_0/U0/GEN_SPRT_FOR_MM2S.MM2S_LINEBUFFER_I/GEN_LINEBUF_NO_SOF.GEN_LINEBUFFER.GEN_SYNC_FIFO.I_LINEBUFFER_FIFO/fg_inst/inst_fifo_gen/gconvfifo.rf/grf.rf/gntv_or_sync_fifo.gl0.rd/gr1.gr1_int.rfwft/aempty_fwft_i, design_1_i/axi_vdma_0/U0/GEN_SPRT_FOR_S2MM.S2MM_LINEBUFFER_I/GEN_S2MM_FLUSH_SOF_LOGIC.GEN_LINEBUFFER_FLUSH_SOF.GEN_SYNC_FIFO_FLUSH_SOF.I_LINEBUFFER_FIFO/fg_inst/inst_fifo_gen/gconvfifo.rf/grf.rf/gntv_or_sync_fifo.gl0.rd/gr1.gr1_int.rfwft/aempty_fwft_i, design_1_i/axi_mem_intercon_HP0/m00_couplers/auto_pc/inst/gen_axi4_axi3.axi3_conv_inst/USE_WRITE.write_addr_inst/USE_B_CHANNEL.cmd_b_queue/inst/fifo_gen_inst/inst_fifo_gen/gconvfifo.rf/grf.rf/gntv_or_sync_fifo.gl0.rd/gr1.gr1_int.rfwft/aempty_fwft_i, design_1_i/axi_mem_intercon_HP0/m00_couplers/auto_pc/inst/gen_axi4_axi3.axi3_conv_inst/USE_READ.USE_SPLIT_R.read_addr_inst/USE_R_CHANNEL.cmd_queue/inst/fifo_gen_inst/inst_fifo_gen/gconvfifo.rf/grf.rf/gntv_or_sync_fifo.gl0.rd/gr1.gr1_int.rfwft/aempty_fwft_i, design_1_i/axi_mem_intercon_HP0/m00_couplers/auto_pc/inst/gen_axi4_axi3.axi3_conv_inst/USE_WRITE.write_addr_inst/USE_BURSTS.cmd_queue/inst/fifo_gen_inst/inst_fifo_gen/gconvfifo.rf/grf.rf/gntv_or_sync_fifo.gl0.rd/gr1.gr1_int.rfwft/aempty_fwft_i, design_1_i/axi_vdma_0/U0/GEN_SPRT_FOR_MM2S.MM2S_LINEBUFFER_I/GEN_LINEBUF_NO_SOF.GEN_LINEBUFFER.GEN_SYNC_FIFO.I_LINEBUFFER_FIFO/fg_inst/inst_fifo_gen/gconvfifo.rf/grf.rf/gntv_or_sync_fifo.gl0.wr/gwss.wsts/ram_afull_fb, design_1_i/axi_vdma_0/U0/GEN_SPRT_FOR_S2MM.S2MM_LINEBUFFER_I/GEN_S2MM_FLUSH_SOF_LOGIC.GEN_LINEBUFFER_FLUSH_SOF.GEN_SYNC_FIFO_FLUSH_SOF.I_LINEBUFFER_FIFO/fg_inst/inst_fifo_gen/gconvfifo.rf/grf.rf/gntv_or_sync_fifo.gl0.wr/gwss.wsts/ram_afull_fb, design_1_i/axi_mem_intercon_HP0/m00_couplers/auto_pc/inst/gen_axi4_axi3.axi3_conv_inst/USE_WRITE.write_addr_inst/USE_B_CHANNEL.cmd_b_queue/inst/fifo_gen_inst/inst_fifo_gen/gconvfifo.rf/grf.rf/gntv_or_sync_fifo.gl0.wr/gwss.wsts/ram_afull_fb, design_1_i/axi_mem_intercon_HP0/m00_couplers/auto_pc/inst/gen_axi4_axi3.axi3_conv_inst/USE_READ.USE_SPLIT_R.read_addr_inst/USE_R_CHANNEL.cmd_queue/inst/fifo_gen_inst/inst_fifo_gen/gconvfifo.rf/grf.rf/gntv_or_sync_fifo.gl0.wr/gwss.wsts/ram_afull_fb, design_1_i/axi_mem_intercon_HP0/m00_couplers/auto_pc/inst/gen_axi4_axi3.axi3_conv_inst/USE_WRITE.write_addr_inst/USE_BURSTS.cmd_queue/inst/fifo_gen_inst/inst_fifo_gen/gconvfifo.rf/grf.rf/gntv_or_sync_fifo.gl0.wr/gwss.wsts/ram_afull_fb, design_1_i/axi_vdma_0/U0/GEN_SPRT_FOR_MM2S.MM2S_LINEBUFFER_I/GEN_LINEBUF_NO_SOF.GEN_LINEBUFFER.GEN_SYNC_FIFO.I_LINEBUFFER_FIFO/fg_inst/inst_fifo_gen/gconvfifo.rf/grf.rf/gntv_or_sync_fifo.gl0.wr/gwss.wsts/ram_afull_i, design_1_i/axi_vdma_0/U0/GEN_SPRT_FOR_S2MM.S2MM_LINEBUFFER_I/GEN_S2MM_FLUSH_SOF_LOGIC.GEN_LINEBUFFER_FLUSH_SOF.GEN_SYNC_FIFO_FLUSH_SOF.I_LINEBUFFER_FIFO/fg_inst/inst_fifo_gen/gconvfifo.rf/grf.rf/gntv_or_sync_fifo.gl0.wr/gwss.wsts/ram_afull_i, design_1_i/axi_mem_intercon_HP0/m00_couplers/auto_pc/inst/gen_axi4_axi3.axi3_conv_inst/USE_WRITE.write_addr_inst/USE_B_CHANNEL.cmd_b_queue/inst/fifo_gen_inst/inst_fifo_gen/gconvfifo.rf/grf.rf/gntv_or_sync_fifo.gl0.wr/gwss.wsts/ram_afull_i, design_1_i/axi_mem_intercon_HP0/m00_couplers/auto_pc/inst/gen_axi4_axi3.axi3_conv_inst/USE_READ.USE_SPLIT_R.read_addr_inst/USE_R_CHANNEL.cmd_queue/inst/fifo_gen_inst/inst_fifo_gen/gconvfifo.rf/grf.rf/gntv_or_sync_fifo.gl0.wr/gwss.wsts/ram_afull_i, design_1_i/axi_mem_intercon_HP0/m00_couplers/auto_pc/inst/gen_axi4_axi3.axi3_conv_inst/USE_WRITE.write_addr_inst/USE_BURSTS.cmd_queue/inst/fifo_gen_inst/inst_fifo_gen/gconvfifo.rf/grf.rf/gntv_or_sync_fifo.gl0.wr/gwss.wsts/ram_afull_i... and (the first 15 of 25 listed).
INFO: [DRC REQP-165] writefirst: Synchronous clocking is detected for BRAM (design_1_i/axi_vdma_0/U0/I_PRMRY_DATAMOVER/GEN_MM2S_FULL.I_MM2S_FULL_WRAPPER/GEN_INCLUDE_MM2S_SF.I_RD_SF/I_DATA_FIFO/BLK_MEM.I_SYNC_FIFOGEN_FIFO/xpm_fifo_instance.xpm_fifo_sync_inst/xpm_fifo_base_inst/gen_sdpram.xpm_memory_base_inst/gen_wr_a.gen_word_narrow.mem_reg_1) in SDP mode with WRITE_FIRST write-mode. This is the preferred mode for best power characteristics, however it may exhibit address collisions if the same address appears on both read and write ports resulting in unknown or corrupted read data. It is suggested to confirm via simulation that an address collision never occurs and if so it is suggested to try and avoid this situation. If address collisions cannot be avoided, the write-mode may be set to READ_FIRST which guarantees that the read data is the prior contents of the memory at the cost of additional power in the design. See the FPGA Memory Resources User Guide for additional information.
INFO: [DRC REQP-165] writefirst: Synchronous clocking is detected for BRAM (design_1_i/axi_vdma_0/U0/I_PRMRY_DATAMOVER/GEN_S2MM_FULL.I_S2MM_FULL_WRAPPER/GEN_ENABLE_INDET_BTT_SF.I_INDET_BTT/I_DATA_FIFO/BLK_MEM.I_SYNC_FIFOGEN_FIFO/xpm_fifo_instance.xpm_fifo_sync_inst/xpm_fifo_base_inst/gen_sdpram.xpm_memory_base_inst/gen_wr_a.gen_word_narrow.mem_reg_1) in SDP mode with WRITE_FIRST write-mode. This is the preferred mode for best power characteristics, however it may exhibit address collisions if the same address appears on both read and write ports resulting in unknown or corrupted read data. It is suggested to confirm via simulation that an address collision never occurs and if so it is suggested to try and avoid this situation. If address collisions cannot be avoided, the write-mode may be set to READ_FIRST which guarantees that the read data is the prior contents of the memory at the cost of additional power in the design. See the FPGA Memory Resources User Guide for additional information.
INFO: [DRC REQP-181] writefirst: Synchronous clocking is detected for BRAM (design_1_i/axi_vdma_0/U0/I_PRMRY_DATAMOVER/GEN_MM2S_FULL.I_MM2S_FULL_WRAPPER/GEN_INCLUDE_MM2S_SF.I_RD_SF/I_DATA_FIFO/BLK_MEM.I_SYNC_FIFOGEN_FIFO/xpm_fifo_instance.xpm_fifo_sync_inst/xpm_fifo_base_inst/gen_sdpram.xpm_memory_base_inst/gen_wr_a.gen_word_narrow.mem_reg_0) in SDP mode with WRITE_FIRST write-mode. This is the preferred mode for best power characteristics, however it may exhibit address collisions if the same address appears on both read and write ports resulting in unknown or corrupted read data. It is suggested to confirm via simulation that an address collision never occurs and if so it is suggested to try and avoid this situation. If address collisions cannot be avoided, the write-mode may be set to READ_FIRST which guarantees that the read data is the prior contents of the memory at the cost of additional power in the design. See the FPGA Memory Resources User Guide for additional information.
INFO: [DRC REQP-181] writefirst: Synchronous clocking is detected for BRAM (design_1_i/axi_vdma_0/U0/I_PRMRY_DATAMOVER/GEN_S2MM_FULL.I_S2MM_FULL_WRAPPER/GEN_ENABLE_INDET_BTT_SF.I_INDET_BTT/I_DATA_FIFO/BLK_MEM.I_SYNC_FIFOGEN_FIFO/xpm_fifo_instance.xpm_fifo_sync_inst/xpm_fifo_base_inst/gen_sdpram.xpm_memory_base_inst/gen_wr_a.gen_word_narrow.mem_reg_0) in SDP mode with WRITE_FIRST write-mode. This is the preferred mode for best power characteristics, however it may exhibit address collisions if the same address appears on both read and write ports resulting in unknown or corrupted read data. It is suggested to confirm via simulation that an address collision never occurs and if so it is suggested to try and avoid this situation. If address collisions cannot be avoided, the write-mode may be set to READ_FIRST which guarantees that the read data is the prior contents of the memory at the cost of additional power in the design. See the FPGA Memory Resources User Guide for additional information.
INFO: [Vivado 12-3199] DRC finished with 0 Errors, 1 Warnings, 4 Advisories
INFO: [Vivado 12-3200] Please refer to the DRC report (report_drc) for more information.
INFO: [Designutils 20-2272] Running write_bitstream with 2 threads.
Loading data files...
Loading site data...
Loading route data...
Processing options...
Creating bitmap...
Creating bitstream...
Writing bitstream ./design_1_wrapper.bit...
INFO: [Vivado 12-1842] Bitgen Completed Successfully.
INFO: [Project 1-120] WebTalk data collection is mandatory when using a WebPACK part without a full Vivado license. To see the specific WebTalk data collected for your design, open the usage_statistics_webtalk.html or usage_statistics_webtalk.xml file in the implementation directory.
INFO: [Common 17-83] Releasing license: Implementation
166 Infos, 15 Warnings, 11 Critical Warnings and 0 Errors encountered.
write_bitstream completed successfully
write_bitstream: Time (s): cpu = 00:00:33 ; elapsed = 00:00:24 . Memory (MB): peak = 2252.238 ; gain = 441.703
INFO: [Common 17-206] Exiting Vivado at Wed Mar  9 21:44:50 2022...
