INFO: [VRFC 10-2263] Analyzing Verilog file "U:/Xilinx/Projects/Zybo_EV_Platform/block_compile.ip_user_files/bd/design_1/ip/design_1_processing_system7_0_0/sim/design_1_processing_system7_0_0.v" into library xil_defaultlib
INFO: [VRFC 10-311] analyzing module design_1_processing_system7_0_0
INFO: [VRFC 10-2263] Analyzing Verilog file "U:/Xilinx/Projects/Zybo_EV_Platform/block_compile.ip_user_files/bd/design_1/ip/design_1_v_vid_in_axi4s_0_0/sim/design_1_v_vid_in_axi4s_0_0.v" into library xil_defaultlib
INFO: [VRFC 10-311] analyzing module design_1_v_vid_in_axi4s_0_0
INFO: [VRFC 10-2263] Analyzing Verilog file "U:/Xilinx/Projects/Zybo_EV_Platform/block_compile.ip_user_files/bd/design_1/ip/design_1_v_axi4s_vid_out_0_0/sim/design_1_v_axi4s_vid_out_0_0.v" into library xil_defaultlib
INFO: [VRFC 10-311] analyzing module design_1_v_axi4s_vid_out_0_0
INFO: [VRFC 10-2263] Analyzing Verilog file "U:/Xilinx/Projects/Zybo_EV_Platform/block_compile.ip_user_files/bd/design_1/ip/design_1_xlconstant_0_0/sim/design_1_xlconstant_0_0.v" into library xil_defaultlib
INFO: [VRFC 10-311] analyzing module design_1_xlconstant_0_0
INFO: [VRFC 10-2263] Analyzing Verilog file "U:/Xilinx/Projects/Zybo_EV_Platform/block_compile.ip_user_files/bd/design_1/ip/design_1_xlconstant_0_1/sim/design_1_xlconstant_0_1.v" into library xil_defaultlib
INFO: [VRFC 10-311] analyzing module design_1_xlconstant_0_1
INFO: [VRFC 10-2263] Analyzing Verilog file "U:/Xilinx/Projects/Zybo_EV_Platform/block_compile.ip_user_files/bd/design_1/ip/design_1_xbar_0/sim/design_1_xbar_0.v" into library xil_defaultlib
INFO: [VRFC 10-311] analyzing module design_1_xbar_0
INFO: [VRFC 10-2263] Analyzing Verilog file "U:/Xilinx/Projects/Zybo_EV_Platform/block_compile.srcs/sources_1/bd/design_1/ipshared/f822/src/mmcme2_drp.v" into library xil_defaultlib
INFO: [VRFC 10-311] analyzing module mmcme2_drp
INFO: [VRFC 10-2263] Analyzing Verilog file "U:/Xilinx/Projects/Zybo_EV_Platform/block_compile.ip_user_files/bd/design_1/ip/design_1_axis_subset_converter_0_0/hdl/tdata_design_1_axis_subset_converter_0_0.v" into library xil_defaultlib
INFO: [VRFC 10-311] analyzing module tdata_design_1_axis_subset_converter_0_0
INFO: [VRFC 10-2263] Analyzing Verilog file "U:/Xilinx/Projects/Zybo_EV_Platform/block_compile.ip_user_files/bd/design_1/ip/design_1_axis_subset_converter_0_0/hdl/tuser_design_1_axis_subset_converter_0_0.v" into library xil_defaultlib
INFO: [VRFC 10-311] analyzing module tuser_design_1_axis_subset_converter_0_0
INFO: [VRFC 10-2263] Analyzing Verilog file "U:/Xilinx/Projects/Zybo_EV_Platform/block_compile.ip_user_files/bd/design_1/ip/design_1_axis_subset_converter_0_0/hdl/tstrb_design_1_axis_subset_converter_0_0.v" into library xil_defaultlib
INFO: [VRFC 10-311] analyzing module tstrb_design_1_axis_subset_converter_0_0
INFO: [VRFC 10-2263] Analyzing Verilog file "U:/Xilinx/Projects/Zybo_EV_Platform/block_compile.ip_user_files/bd/design_1/ip/design_1_axis_subset_converter_0_0/hdl/tkeep_design_1_axis_subset_converter_0_0.v" into library xil_defaultlib
INFO: [VRFC 10-311] analyzing module tkeep_design_1_axis_subset_converter_0_0
INFO: [VRFC 10-2263] Analyzing Verilog file "U:/Xilinx/Projects/Zybo_EV_Platform/block_compile.ip_user_files/bd/design_1/ip/design_1_axis_subset_converter_0_0/hdl/tid_design_1_axis_subset_converter_0_0.v" into library xil_defaultlib
INFO: [VRFC 10-311] analyzing module tid_design_1_axis_subset_converter_0_0
INFO: [VRFC 10-2263] Analyzing Verilog file "U:/Xilinx/Projects/Zybo_EV_Platform/block_compile.ip_user_files/bd/design_1/ip/design_1_axis_subset_converter_0_0/hdl/tdest_design_1_axis_subset_converter_0_0.v" into library xil_defaultlib
INFO: [VRFC 10-311] analyzing module tdest_design_1_axis_subset_converter_0_0
INFO: [VRFC 10-2263] Analyzing Verilog file "U:/Xilinx/Projects/Zybo_EV_Platform/block_compile.ip_user_files/bd/design_1/ip/design_1_axis_subset_converter_0_0/hdl/tlast_design_1_axis_subset_converter_0_0.v" into library xil_defaultlib
INFO: [VRFC 10-311] analyzing module tlast_design_1_axis_subset_converter_0_0
INFO: [VRFC 10-2263] Analyzing Verilog file "U:/Xilinx/Projects/Zybo_EV_Platform/block_compile.ip_user_files/bd/design_1/ip/design_1_axis_subset_converter_0_0/hdl/top_design_1_axis_subset_converter_0_0.v" into library xil_defaultlib
INFO: [VRFC 10-311] analyzing module top_design_1_axis_subset_converter_0_0
INFO: [VRFC 10-2263] Analyzing Verilog file "U:/Xilinx/Projects/Zybo_EV_Platform/block_compile.ip_user_files/bd/design_1/ip/design_1_axis_subset_converter_0_0/sim/design_1_axis_subset_converter_0_0.v" into library xil_defaultlib
INFO: [VRFC 10-311] analyzing module design_1_axis_subset_converter_0_0
INFO: [VRFC 10-2263] Analyzing Verilog file "U:/Xilinx/Projects/Zybo_EV_Platform/block_compile.ip_user_files/bd/design_1/ip/design_1_xbar_1/sim/design_1_xbar_1.v" into library xil_defaultlib
INFO: [VRFC 10-311] analyzing module design_1_xbar_1
INFO: [VRFC 10-2263] Analyzing Verilog file "U:/Xilinx/Projects/Zybo_EV_Platform/block_compile.ip_user_files/bd/design_1/ip/design_1_axis_subset_converter_0_1/hdl/tdata_design_1_axis_subset_converter_0_1.v" into library xil_defaultlib
INFO: [VRFC 10-311] analyzing module tdata_design_1_axis_subset_converter_0_1
INFO: [VRFC 10-2263] Analyzing Verilog file "U:/Xilinx/Projects/Zybo_EV_Platform/block_compile.ip_user_files/bd/design_1/ip/design_1_axis_subset_converter_0_1/hdl/tuser_design_1_axis_subset_converter_0_1.v" into library xil_defaultlib
INFO: [VRFC 10-311] analyzing module tuser_design_1_axis_subset_converter_0_1
INFO: [VRFC 10-2263] Analyzing Verilog file "U:/Xilinx/Projects/Zybo_EV_Platform/block_compile.ip_user_files/bd/design_1/ip/design_1_axis_subset_converter_0_1/hdl/tstrb_design_1_axis_subset_converter_0_1.v" into library xil_defaultlib
INFO: [VRFC 10-311] analyzing module tstrb_design_1_axis_subset_converter_0_1
INFO: [VRFC 10-2263] Analyzing Verilog file "U:/Xilinx/Projects/Zybo_EV_Platform/block_compile.ip_user_files/bd/design_1/ip/design_1_axis_subset_converter_0_1/hdl/tkeep_design_1_axis_subset_converter_0_1.v" into library xil_defaultlib
INFO: [VRFC 10-311] analyzing module tkeep_design_1_axis_subset_converter_0_1
INFO: [VRFC 10-2263] Analyzing Verilog file "U:/Xilinx/Projects/Zybo_EV_Platform/block_compile.ip_user_files/bd/design_1/ip/design_1_axis_subset_converter_0_1/hdl/tid_design_1_axis_subset_converter_0_1.v" into library xil_defaultlib
INFO: [VRFC 10-311] analyzing module tid_design_1_axis_subset_converter_0_1
INFO: [VRFC 10-2263] Analyzing Verilog file "U:/Xilinx/Projects/Zybo_EV_Platform/block_compile.ip_user_files/bd/design_1/ip/design_1_axis_subset_converter_0_1/hdl/tdest_design_1_axis_subset_converter_0_1.v" into library xil_defaultlib
INFO: [VRFC 10-311] analyzing module tdest_design_1_axis_subset_converter_0_1
INFO: [VRFC 10-2263] Analyzing Verilog file "U:/Xilinx/Projects/Zybo_EV_Platform/block_compile.ip_user_files/bd/design_1/ip/design_1_axis_subset_converter_0_1/hdl/tlast_design_1_axis_subset_converter_0_1.v" into library xil_defaultlib
INFO: [VRFC 10-311] analyzing module tlast_design_1_axis_subset_converter_0_1
INFO: [VRFC 10-2263] Analyzing Verilog file "U:/Xilinx/Projects/Zybo_EV_Platform/block_compile.ip_user_files/bd/design_1/ip/design_1_axis_subset_converter_0_1/hdl/top_design_1_axis_subset_converter_0_1.v" into library xil_defaultlib
INFO: [VRFC 10-311] analyzing module top_design_1_axis_subset_converter_0_1
INFO: [VRFC 10-2263] Analyzing Verilog file "U:/Xilinx/Projects/Zybo_EV_Platform/block_compile.ip_user_files/bd/design_1/ip/design_1_axis_subset_converter_0_1/sim/design_1_axis_subset_converter_0_1.v" into library xil_defaultlib
INFO: [VRFC 10-311] analyzing module design_1_axis_subset_converter_0_1
INFO: [VRFC 10-2263] Analyzing Verilog file "U:/Xilinx/Projects/Zybo_EV_Platform/block_compile.ip_user_files/bd/design_1/ip/design_1_auto_pc_1/sim/design_1_auto_pc_1.v" into library xil_defaultlib
INFO: [VRFC 10-311] analyzing module design_1_auto_pc_1
INFO: [VRFC 10-2263] Analyzing Verilog file "U:/Xilinx/Projects/Zybo_EV_Platform/block_compile.ip_user_files/bd/design_1/ip/design_1_auto_pc_0/sim/design_1_auto_pc_0.v" into library xil_defaultlib
INFO: [VRFC 10-311] analyzing module design_1_auto_pc_0
INFO: [VRFC 10-163] Analyzing VHDL file "U:/Xilinx/Projects/Zybo_EV_Platform/block_compile.ip_user_files/bd/design_1/ip/design_1_axi_vdma_0_0/sim/design_1_axi_vdma_0_0.vhd" into library xil_defaultlib
INFO: [VRFC 10-307] analyzing entity design_1_axi_vdma_0_0
INFO: [VRFC 10-163] Analyzing VHDL file "U:/Xilinx/Projects/Zybo_EV_Platform/block_compile.ip_user_files/bd/design_1/ip/design_1_rst_ps7_0_50M_0/sim/design_1_rst_ps7_0_50M_0.vhd" into library xil_defaultlib
INFO: [VRFC 10-307] analyzing entity design_1_rst_ps7_0_50M_0
INFO: [VRFC 10-163] Analyzing VHDL file "U:/Xilinx/Projects/Zybo_EV_Platform/block_compile.ip_user_files/bd/design_1/ip/design_1_dvi2rgb_1_1/src/ila_refclk/sim/ila_refclk.vhd" into library xil_defaultlib
INFO: [VRFC 10-307] analyzing entity ila_refclk
INFO: [VRFC 10-163] Analyzing VHDL file "U:/Xilinx/Projects/Zybo_EV_Platform/block_compile.ip_user_files/bd/design_1/ip/design_1_dvi2rgb_1_1/src/ila_pixclk/sim/ila_pixclk.vhd" into library xil_defaultlib
INFO: [VRFC 10-307] analyzing entity ila_pixclk
INFO: [VRFC 10-163] Analyzing VHDL file "U:/Xilinx/Projects/Zybo_EV_Platform/block_compile.srcs/sources_1/bd/design_1/ipshared/80ae/src/SyncBase.vhd" into library xil_defaultlib
INFO: [VRFC 10-307] analyzing entity SyncBase
ERROR: [VRFC 10-149] 'syncasync' is not compiled in library xil_defaultlib [U:/Xilinx/Projects/Zybo_EV_Platform/block_compile.srcs/sources_1/bd/design_1/ipshared/80ae/src/SyncBase.vhd:90]
ERROR: [VRFC 10-1504] unit behavioral ignored due to previous errors [U:/Xilinx/Projects/Zybo_EV_Platform/block_compile.srcs/sources_1/bd/design_1/ipshared/80ae/src/SyncBase.vhd:74]
INFO: [VRFC 10-240] VHDL file U:/Xilinx/Projects/Zybo_EV_Platform/block_compile.srcs/sources_1/bd/design_1/ipshared/80ae/src/SyncBase.vhd ignored due to errors
