#-----------------------------------------------------------
# Webtalk v2018.2 (64-bit)
# SW Build 2258646 on Thu Jun 14 20:03:12 MDT 2018
# 
# Start of session at: Sat Mar 12 16:13:06 2022
# Process ID: 15672
# Current directory: U:/Xilinx/Projects/2018_demo_gamma_1/vivado_proj/Zybo-Z7-20-HDMI.sdk/webtalk
# Command line: wbtcv.exe -mode batch -source sdk_webtalk.tcl
# Log file: U:/Xilinx/Projects/2018_demo_gamma_1/vivado_proj/Zybo-Z7-20-HDMI.sdk/webtalk/webtalk.log
# Journal file: U:/Xilinx/Projects/2018_demo_gamma_1/vivado_proj/Zybo-Z7-20-HDMI.sdk/webtalk\webtalk.jou
#-----------------------------------------------------------
source sdk_webtalk.tcl
# webtalk_init -webtalk_dir U:\\Xilinx\\Projects\\2018_demo_gamma_1\\vivado_proj\\Zybo-Z7-20-HDMI.sdk\\webtalk
# webtalk_register_client -client project
# webtalk_add_data -client project -key date_generated -value "2022-03-12 16:13:04" -context "software_version_and_target_device"
# webtalk_add_data -client project -key product_version -value "SDK v2018.2" -context "software_version_and_target_device"
# webtalk_add_data -client project -key build_version -value "2018.2" -context "software_version_and_target_device"
# webtalk_add_data -client project -key os_platform -value "amd64" -context "software_version_and_target_device"
# webtalk_add_data -client project -key registration_id -value "" -context "software_version_and_target_device"
# webtalk_add_data -client project -key tool_flow -value "SDK" -context "software_version_and_target_device"
# webtalk_add_data -client project -key beta -value "false" -context "software_version_and_target_device"
# webtalk_add_data -client project -key route_design -value "NA" -context "software_version_and_target_device"
# webtalk_add_data -client project -key target_family -value "NA" -context "software_version_and_target_device"
# webtalk_add_data -client project -key target_device -value "NA" -context "software_version_and_target_device"
# webtalk_add_data -client project -key target_package -value "NA" -context "software_version_and_target_device"
# webtalk_add_data -client project -key target_speed -value "NA" -context "software_version_and_target_device"
# webtalk_add_data -client project -key random_id -value "1ori96om7tba8la7i54t96qls7" -context "software_version_and_target_device"
# webtalk_add_data -client project -key project_id -value "2018.2_7" -context "software_version_and_target_device"
# webtalk_add_data -client project -key project_iteration -value "7" -context "software_version_and_target_device"
# webtalk_add_data -client project -key os_name -value "Microsoft Windows 8 or later , 64-bit" -context "user_environment"
# webtalk_add_data -client project -key os_release -value "major release  (build 9200)" -context "user_environment"
# webtalk_add_data -client project -key cpu_name -value "Intel(R) Core(TM) i7-6700K CPU @ 4.00GHz" -context "user_environment"
# webtalk_add_data -client project -key cpu_speed -value "4008 MHz" -context "user_environment"
# webtalk_add_data -client project -key total_processors -value "1" -context "user_environment"
# webtalk_add_data -client project -key system_ram -value "17.062 GB" -context "user_environment"
# webtalk_register_client -client sdk
# webtalk_add_data -client sdk -key uid -value "1647126613146" -context "sdk\\\\bsp/1647126613146"
# webtalk_add_data -client sdk -key hwid -value "1647104914370" -context "sdk\\\\bsp/1647126613146"
# webtalk_add_data -client sdk -key os -value "standalone" -context "sdk\\\\bsp/1647126613146"
# webtalk_add_data -client sdk -key apptemplate -value "empty_application" -context "sdk\\\\bsp/1647126613146"
# webtalk_add_data -client sdk -key RecordType -value "BSPCreation" -context "sdk\\\\bsp/1647126613146"
# webtalk_add_data -client sdk -key uid -value "1647126614202" -context "sdk\\\\application/1647126614202"
# webtalk_add_data -client sdk -key hwid -value "1647104914370" -context "sdk\\\\application/1647126614202"
# webtalk_add_data -client sdk -key bspid -value "1647126613146" -context "sdk\\\\application/1647126614202"
# webtalk_add_data -client sdk -key newbsp -value "true" -context "sdk\\\\application/1647126614202"
# webtalk_add_data -client sdk -key os -value "standalone" -context "sdk\\\\application/1647126614202"
# webtalk_add_data -client sdk -key apptemplate -value "empty_application" -context "sdk\\\\application/1647126614202"
# webtalk_add_data -client sdk -key RecordType -value "APPCreation" -context "sdk\\\\application/1647126614202"
# webtalk_add_data -client sdk -key LangUsed -value "C" -context "sdk\\\\application/1647126614202"
# webtalk_add_data -client sdk -key Procused -value "ps7_cortexa9" -context "sdk\\\\application/1647126614202"
# webtalk_add_data -client sdk -key projSize -value "995.0625" -context "sdk\\\\application/1647126614202"
# webtalk_add_data -client sdk -key uid -value "NA" -context "sdk\\\\bsp/1647126784829"
# webtalk_add_data -client sdk -key RecordType -value "ToolUsage" -context "sdk\\\\bsp/1647126784829"
# webtalk_add_data -client sdk -key BootgenCount -value "0" -context "sdk\\\\bsp/1647126784829"
# webtalk_add_data -client sdk -key DebugCount -value "4" -context "sdk\\\\bsp/1647126784829"
# webtalk_add_data -client sdk -key PerfCount -value "0" -context "sdk\\\\bsp/1647126784829"
# webtalk_add_data -client sdk -key FlashCount -value "0" -context "sdk\\\\bsp/1647126784829"
# webtalk_add_data -client sdk -key CrossTriggCount -value "0" -context "sdk\\\\bsp/1647126784829"
# webtalk_add_data -client sdk -key QemuDebugCount -value "0" -context "sdk\\\\bsp/1647126784829"
# webtalk_transmit -clientid 2238823744 -regid "" -xml U:\\Xilinx\\Projects\\2018_demo_gamma_1\\vivado_proj\\Zybo-Z7-20-HDMI.sdk\\webtalk\\usage_statistics_ext_sdk.xml -html U:\\Xilinx\\Projects\\2018_demo_gamma_1\\vivado_proj\\Zybo-Z7-20-HDMI.sdk\\webtalk\\usage_statistics_ext_sdk.html -wdm U:\\Xilinx\\Projects\\2018_demo_gamma_1\\vivado_proj\\Zybo-Z7-20-HDMI.sdk\\webtalk\\sdk_webtalk.wdm -intro "<H3>SDK Usage Report</H3><BR>"
# webtalk_terminate
INFO: [Common 17-206] Exiting Webtalk at Sat Mar 12 16:13:08 2022...
