#-----------------------------------------------------------
# Vivado v2017.4 (64-bit)
# SW Build 2086221 on Fri Dec 15 20:55:39 MST 2017
# IP Build 2085800 on Fri Dec 15 22:25:07 MST 2017
# Start of session at: Fri Jan 14 15:59:33 2022
# Process ID: 9804
# Current directory: U:/Xilinx/Projects/Zybo_EV_Platform
# Command line: vivado.exe -gui_launcher_event rodinguilauncherevent17296 U:\Xilinx\Projects\Zybo_EV_Platform\block_compile.xpr
# Log file: U:/Xilinx/Projects/Zybo_EV_Platform/vivado.log
# Journal file: U:/Xilinx/Projects/Zybo_EV_Platform\vivado.jou
#-----------------------------------------------------------
start_gui
open_project U:/Xilinx/Projects/Zybo_EV_Platform/block_compile.xpr
Scanning sources...
Finished scanning sources
INFO: [IP_Flow 19-234] Refreshing IP repositories
INFO: [IP_Flow 19-1700] Loaded user IP repository 'u:/Xilinx/Projects/Zybo_EV_Platform/block_compile.ip_user_files/managed_ip_project'.
INFO: [IP_Flow 19-1700] Loaded user IP repository 'u:/Xilinx/Projects/Zybo_EV_Platform/block_compile.srcs/sources_1/bd/design_1/ip'.
INFO: [IP_Flow 19-1700] Loaded user IP repository 'u:/Xilinx/Projects/Digilent/vivado-library'.
INFO: [IP_Flow 19-1700] Loaded user IP repository 'u:/Xilinx/Projects/Zybo_EV_Platform_19/block_compile.srcs/sources_1/bd/design_1/ip'.
INFO: [IP_Flow 19-1700] Loaded user IP repository 'u:/Xilinx/Projects/Zybo_EV_Platform/block_compile.srcs/sources_1/bd/design_1/ipshared'.
INFO: [IP_Flow 19-2313] Loaded Vivado IP repository 'U:/Xilinx/Vivado/2017.4/data/ip'.
open_project: Time (s): cpu = 00:00:33 ; elapsed = 00:00:24 . Memory (MB): peak = 979.141 ; gain = 332.961
update_compile_order -fileset sources_1
